2.18056598286787695e-01
1.80464398581050622e-01
1.79091712050465229e-01
1.53238131936686311e-01
1.50727495515455667e-01
1.48191050878007768e-01
1.45702854418221117e-01
1.43135774091092211e-01
1.42900816716300172e-01
1.42889174964165977e-01
1.42473323842161020e-01
1.38204805690553267e-01
1.37777801979516751e-01
1.36245910352327637e-01
1.35154052891249599e-01
1.33473256711783145e-01
1.33356191552393338e-01
1.31947706783454660e-01
1.31879408026142730e-01
1.30998932175602378e-01
1.30508504781174012e-01
1.28756572780722001e-01
1.28552479625903188e-01
1.27029384072964741e-01
1.26513963170462485e-01
1.24432434650407792e-01
1.24139768905135089e-01
1.23917049298911508e-01
1.21036726324468824e-01
1.20428060389801958e-01
1.20187176920221905e-01
1.19077535141080729e-01
1.18265388651510747e-01
1.17875768707395079e-01
1.17722972361033018e-01
1.16997204744417493e-01
1.16950024979402184e-01
1.16036570397007766e-01
1.15276717479333088e-01
1.14744394231910199e-01
1.14721095967446118e-01
1.14107844167918165e-01
1.13862398792666145e-01
1.12714356507656488e-01
1.12480522630559465e-01
1.11380831207176789e-01
1.11259287380636493e-01
1.11027089265813048e-01
1.10753745860673450e-01
1.10667855895126371e-01
1.09369226895124322e-01
1.09098509381440487e-01
1.08767062551307234e-01
1.08089122202700547e-01
1.07904687462753487e-01
1.07084298559022281e-01
1.06560426258949903e-01
1.06304991133168394e-01
1.05531453684197488e-01
1.04808566880762066e-01
1.04365761188407805e-01
1.04196670624290527e-01
1.03858267723371173e-01
1.03397520840342594e-01
1.03183836544141094e-01
1.02722757450352017e-01
1.01728120998869936e-01
1.00527622289344906e-01
1.00365245496767591e-01
1.00332724113503344e-01
1.00046329520892041e-01
9.98915981564136302e-02
9.96867891936974032e-02
9.94040909403838130e-02
9.93396132960991107e-02
9.78819309505718771e-02
9.77149125596087215e-02
9.74903487075548664e-02
9.74145745637029631e-02
9.73953163310753434e-02
9.73951058719760288e-02
9.73781887198866131e-02
9.69556575714423940e-02
9.64032094252807864e-02
9.62881926734671795e-02
9.48653212691801528e-02
9.45879349930626168e-02
9.42980402498634351e-02
9.32696910742905061e-02
9.31291177281677873e-02
9.25317458933105630e-02
9.17043795914811166e-02
9.13655050346215553e-02
9.11396979754188902e-02
9.10738280313738158e-02
9.10692515803770836e-02
9.07749635511420905e-02
9.04997124629446370e-02
9.02806547898220429e-02
8.93376495688475991e-02
8.87510383613004106e-02
8.85288696792150692e-02
8.85169380227663477e-02
8.83133045074765283e-02
8.80366423863859077e-02
8.72532251329950076e-02
8.71567278403380941e-02
8.70896444284930404e-02
8.70329583659574246e-02
8.69740238174408903e-02
8.66577874544114113e-02
8.65955152233404968e-02
8.64086454228262940e-02
8.62124887061295198e-02
8.61503012408511848e-02
8.60984816011220594e-02
8.59000518925180645e-02
8.58735314513477122e-02
8.58618809749192857e-02
8.56077682533060713e-02
8.54155157624268274e-02
8.47594893803623045e-02
8.46057910400457164e-02
8.45388690023870654e-02
8.45180805235187238e-02
8.44854785697904398e-02
8.44233235010038996e-02
8.43569613766536469e-02
8.39034456649633137e-02
8.32758319589212148e-02
8.31455918875412814e-02
8.26484915155751565e-02
8.25131971143513443e-02
8.24591487573623355e-02
8.20321833115240789e-02
8.19002491640031527e-02
8.13482918129037336e-02
8.11665250818467132e-02
8.10581413446567756e-02
8.08205478500098190e-02
8.06853153979833621e-02
8.04993636376556548e-02
8.03835646228847761e-02
8.01939074245869715e-02
8.01242586415164409e-02
8.00617920266188804e-02
7.98904946122636350e-02
7.98497078923218889e-02
7.94982278585376345e-02
7.88517101769366791e-02
7.87673135367601834e-02
7.86693824936447739e-02
7.81646619698916773e-02
7.80261931312573181e-02
7.80259100975670833e-02
7.79840756372305183e-02
7.77640759955878780e-02
7.76857269465100059e-02
7.72918585174008910e-02
7.72527507746332970e-02
7.70374575538724932e-02
7.63619589764010648e-02
7.63516385250861962e-02
7.63345196016647770e-02
7.56803291753084528e-02
7.55864336715092872e-02
7.53035575791419221e-02
7.52989310923536798e-02
7.52927932672364658e-02
7.50442273930629483e-02
7.49875126680751430e-02
7.49808060871295090e-02
7.49074807433288276e-02
7.48673441876881035e-02
7.42464698205552998e-02
7.40998446936646932e-02
7.40626796267230686e-02
7.28904327739137714e-02
7.28737867706549247e-02
7.28638648865420901e-02
7.27398627311273138e-02
7.26015554671669144e-02
7.25022212749939637e-02
7.23280570402537182e-02
7.22899233031417260e-02
7.18998661200128814e-02
7.18695174948058013e-02
7.16559007906526491e-02
7.14399034812184530e-02
7.12224381573764859e-02
7.09062829509295584e-02
7.07293928635283065e-02
7.03862522490038278e-02
7.01904093941559809e-02
7.00274586643926805e-02
6.99409981034302963e-02
6.92931317803899133e-02
6.91653648859142239e-02
6.90871553960699103e-02
6.90248998783789397e-02
6.89720350112703606e-02
6.89568889138045260e-02
6.86719171604988077e-02
6.84189656367412552e-02
6.83711404416656593e-02
6.82727165969311545e-02
6.82605494910460131e-02
6.80230239924974889e-02
6.77561052485671639e-02
6.77115286694729701e-02
6.76552169181678514e-02
6.75939538359329045e-02
6.75014367941471627e-02
6.72172934301403929e-02
6.71209174597672542e-02
6.70570840649391542e-02
6.68518880649398850e-02
6.66315049347449423e-02
6.65841285763001806e-02
6.64571270641739348e-02
6.62591902097543206e-02
6.62154078706644889e-02
6.61139896540895305e-02
6.57886802145940114e-02
6.56884808751746763e-02
6.56424777730908876e-02
6.53509143095235834e-02
6.51626763532745790e-02
6.51307619833425694e-02
6.51013770738279041e-02
6.49425771020522569e-02
6.47789840116480969e-02
6.47200065010608561e-02
6.47072252662307390e-02
6.46392494138071094e-02
6.45103037861848305e-02
6.41201646018642046e-02
6.40960770382831557e-02
6.40936015779822871e-02
6.39985225532726243e-02
6.39641304005596767e-02
6.38455582277846767e-02
6.37763080536417892e-02
6.37126822344181998e-02
6.36783334858817412e-02
6.35205120977830467e-02
6.34647287905485136e-02
6.34176108207390732e-02
6.31245477269449379e-02
6.31144745968374027e-02
6.30937254919832352e-02
6.30397956128851827e-02
6.28191368103430403e-02
6.27547552642650774e-02
6.23148027512024152e-02
6.23123367704543699e-02
6.22854029812194981e-02
6.21803044828939042e-02
6.20361112232511516e-02
6.19769580159196462e-02
6.16512013416505231e-02
6.15974273776263154e-02
6.15089510512137547e-02
6.14743549398414565e-02
6.14647335274697976e-02
6.14241869658409059e-02
6.14028265242146931e-02
6.13395990392185328e-02
6.12309412556834229e-02
6.10819389070267546e-02
6.09917071253007897e-02
6.08375030926911892e-02
6.07572531226140619e-02
6.02172188478631021e-02
6.01933303105466680e-02
6.01899655428299735e-02
6.00896181681306943e-02
6.00710628602682054e-02
5.98805465612778157e-02
5.98763549984845933e-02
5.98727892513674226e-02
5.97861164938394279e-02
5.94404972121582234e-02
5.93097743656258863e-02
5.92736098318631388e-02
5.88696065543115737e-02
5.88629603325986905e-02
5.88493960961281731e-02
5.88407481483019662e-02
5.88215291279233846e-02
5.86197871568636952e-02
5.84727686351194098e-02
5.83039597183400565e-02
5.82374990168321102e-02
5.82348724978933308e-02
5.82090785546204650e-02
5.81627812104642955e-02
5.81578900472836113e-02
5.80643786914504245e-02
5.79509348693501430e-02
5.77205846880487553e-02
5.76368357780303459e-02
5.76239911276575853e-02
5.74673187727437959e-02
5.73349044428672419e-02
5.71411254086541323e-02
5.71395707337514283e-02
5.71097341442982076e-02
5.69297989868201362e-02
5.68747295349818979e-02
5.68585123051873267e-02
5.68307493464935976e-02
5.66766524304297761e-02
5.65603421054500510e-02
5.60273621858437890e-02
5.60011833957348090e-02
5.59081434613468709e-02
5.58433864643120975e-02
5.54210155494978610e-02
5.49474911224002091e-02
5.49002751556819726e-02
5.48876414425388398e-02
5.48562272480444743e-02
5.47315128573283155e-02
5.46680656417354999e-02
5.45578358447773165e-02
5.45349255625330112e-02
5.43907862884376453e-02
5.43822082020491912e-02
5.42735355279533177e-02
5.41926244417938324e-02
5.39630878713222573e-02
5.39580842693653598e-02
5.39121605900375125e-02
5.38869815560265447e-02
5.34672763245949353e-02
5.34568725422643332e-02
5.33997047961128971e-02
5.33665983619777337e-02
5.33452945722531283e-02
5.33146058265024092e-02
5.32524239728354165e-02
5.29615271611198618e-02
5.29367871697003153e-02
5.29253761387117050e-02
5.28226353027921175e-02
5.27759651929290349e-02
5.26108569998538292e-02
5.23181743374801084e-02
5.21920028447212456e-02
5.21152753292323453e-02
5.20638544392450844e-02
5.20458128822474525e-02
5.19250282072114266e-02
5.18826654289514591e-02
5.17893725223957935e-02
5.16439223900810943e-02
5.13985164848292445e-02
5.12675910441165381e-02
5.12378477464918575e-02
5.11302448118778202e-02
5.09237944171222826e-02
5.09221433506920895e-02
5.08037696885430615e-02
5.06264473890859629e-02
5.05978102386769948e-02
5.04393235179053795e-02
5.03834948941947747e-02
5.03664218208453862e-02
5.03303477160248272e-02
5.02005540592069324e-02
4.99307867062724273e-02
4.98227190184864638e-02
4.96988515991914695e-02
4.96815897524953906e-02
4.96740351745619535e-02
4.94655877851930548e-02
4.94586393723013273e-02
4.94351791294200607e-02
4.93994628477760697e-02
4.93377528990487368e-02
4.92704463658472022e-02
4.92208923658844291e-02
4.92071098590181957e-02
4.92067000760830556e-02
4.91936037209483659e-02
4.91182077062547462e-02
4.90117114156094977e-02
4.89535382648616721e-02
4.88927229891948367e-02
4.87966332962692997e-02
4.87824417859993031e-02
4.86980663142696918e-02
4.86773634293611590e-02
4.86103752113052831e-02
4.85053348562566461e-02
4.84845347221724635e-02
4.83368409883311451e-02
4.82476361192361244e-02
4.82444199981058516e-02
4.82116213068141258e-02
4.80207497573989575e-02
4.79940421949157370e-02
4.76933257610758637e-02
4.76211495143095132e-02
4.76017120044478492e-02
4.74852041678961723e-02
4.74821078131187971e-02
4.74425442570158701e-02
4.73855511320299960e-02
4.73327981324848032e-02
4.72552352280740176e-02
4.72009049229707781e-02
4.71796510108328862e-02
4.71554611200296903e-02
4.71136646741469114e-02
4.69351652759553845e-02
4.68941045892452835e-02
4.68682709816935633e-02
4.68466553630762297e-02
4.67112805132557166e-02
4.66734533563748638e-02
4.66315445475950080e-02
4.65138086987407010e-02
4.63652978888946313e-02
4.63350834120935390e-02
4.63290125401525435e-02
4.62608711206365306e-02
4.62029320409946820e-02
4.61801997373724460e-02
4.60264987621512370e-02
4.59579747431790725e-02
4.58923219672218372e-02
4.58773457032110102e-02
4.58651454215025303e-02
4.58073132453544682e-02
4.57734438841243818e-02
4.57432134534234147e-02
4.56955263557495620e-02
4.56336039923430636e-02
4.55295999636709248e-02
4.53924254206833078e-02
4.53859457389634360e-02
4.53565367840601322e-02
4.52907532504673027e-02
4.51528152071176692e-02
4.51414630120964763e-02
4.51272442722855313e-02
4.50636499112388594e-02
4.50091932180787177e-02
4.49149928778017488e-02
4.48178465895262279e-02
4.46665040656603271e-02
4.45876036571076634e-02
4.45707569036345314e-02
4.45256480029051216e-02
4.45036957122059290e-02
4.44792548045623362e-02
4.44563079423535290e-02
4.43769166458784850e-02
4.42754565833351973e-02
4.42007990457888994e-02
4.41883680790168612e-02
4.41456376583489463e-02
4.40688546712379586e-02
4.39980186895562106e-02
4.38923499247309765e-02
4.38778642680677025e-02
4.38765823795660634e-02
4.37750184480704199e-02
4.37600355111053274e-02
4.37101055894504043e-02
4.37021899700740443e-02
4.36938802287995809e-02
4.36627623786804558e-02
4.36137057308959922e-02
4.35055722090123345e-02
4.34898331454800502e-02
4.34639260698255273e-02
4.34241121453659631e-02
4.33088238896939468e-02
4.32528390761681494e-02
4.31717271580730894e-02
4.31407704922661117e-02
4.30617138296121998e-02
4.30311708526648698e-02
4.28513561142102387e-02
4.28447445694051382e-02
4.28120400565168216e-02
4.28067240006615793e-02
4.27602924583970270e-02
4.26236257441134636e-02
4.25769474811150822e-02
4.25759629138479992e-02
4.25623178601669400e-02
4.25469139539800534e-02
4.25173347329546591e-02
4.25127561240266141e-02
4.24466372487744756e-02
4.24308043779986696e-02
4.24085913700120928e-02
4.24065257983017030e-02
4.23790412534487820e-02
4.22624741718511596e-02
4.22315850892637165e-02
4.21286797063833429e-02
4.19418258616255230e-02
4.17343202865186058e-02
4.15997406427060651e-02
4.15815713674465154e-02
4.15573656008732667e-02
4.12227241095624794e-02
4.11084373387076291e-02
4.10877617720408830e-02
4.09855179950041199e-02
4.07650561566646752e-02
4.07110504044130087e-02
4.06219404072521856e-02
4.06112446492072968e-02
4.05478743935128866e-02
4.05451912394010072e-02
4.04664505584753087e-02
4.03699029459300487e-02
4.00162006987379651e-02
3.98501129113952648e-02
3.98402604911544597e-02
3.97572395969792922e-02
3.96107985387198699e-02
3.96026243827007143e-02
3.95937613878753550e-02
3.94439537455271369e-02
3.92207818008541986e-02
3.91482672021937345e-02
3.91114376963116600e-02
3.90591627040684022e-02
3.90405188250256899e-02
3.90031005922138185e-02
3.89456854875963668e-02
3.89267484424854551e-02
3.88919867341453590e-02
3.88805313426805882e-02
3.87890870293698536e-02
3.87571220302167785e-02
3.85757044185048442e-02
3.85504413072234944e-02
3.85433419980392156e-02
3.84903240293289553e-02
3.84846240938517270e-02
3.84145039482490375e-02
3.82844549621720112e-02
3.82632795871362050e-02
3.82355063883424232e-02
3.82040485197312624e-02
3.82014578536766444e-02
3.80254668696964407e-02
3.79974519358979232e-02
3.79323055316379415e-02
3.79242143034405899e-02
3.79190640481734328e-02
3.78880339543262515e-02
3.78835774046481430e-02
3.78216110714325524e-02
3.78041927635921413e-02
3.76668927672547185e-02
3.75896057575237155e-02
3.75734919501663420e-02
3.75130218203324345e-02
3.74912777682484127e-02
3.74853438026082203e-02
3.73616701695487635e-02
3.73295424948487456e-02
3.71835159834063983e-02
3.71638519824419589e-02
3.71110039697767694e-02
3.70908433657112582e-02
3.69098328513395441e-02
3.68864906930815722e-02
3.68773860410522569e-02
3.68721014735988589e-02
3.68164983683385433e-02
3.67741714510642845e-02
3.65595657553666117e-02
3.65518360203424889e-02
3.65170473721660588e-02
3.64846898284087104e-02
3.64337869492150565e-02
3.64153360173083279e-02
3.63375936429542259e-02
3.62996021260055812e-02
3.62949029584718405e-02
3.62833524262586374e-02
3.61170351475112658e-02
3.61026229751426619e-02
3.60157237254513096e-02
3.59900029410900393e-02
3.59568220404204233e-02
3.57794147355132222e-02
3.57177982640835417e-02
3.56738134600411635e-02
3.56560182942965570e-02
3.55945039092776597e-02
3.55530644422454994e-02
3.54732342952179536e-02
3.54532598727485271e-02
3.54382503499205276e-02
3.53797203926663334e-02
3.53057606210682440e-02
3.51937005555086752e-02
3.51331722221981113e-02
3.51121503538791915e-02
3.51018822862803753e-02
3.50843105443618547e-02
3.50628609381015283e-02
3.50586177272924904e-02
3.50299254551364042e-02
3.50252796287150725e-02
3.50242079487804170e-02
3.50207453723853854e-02
3.50146886233800164e-02
3.49967136901948306e-02
3.47780969267983200e-02
3.47176764702100057e-02
3.46837839422015001e-02
3.46252428035649026e-02
3.45732410311399771e-02
3.45047831974332683e-02
3.44093677498394090e-02
3.43787209181159598e-02
3.43385528317287775e-02
3.42745082367690093e-02
3.42270869980209197e-02
3.40823438185954911e-02
3.39882044049554938e-02
3.39713011230455553e-02
3.39432336357949199e-02
3.39117748364111821e-02
3.38910959728219441e-02
3.38822078535688312e-02
3.38805577601917068e-02
3.38416866328060881e-02
3.38000961105185752e-02
3.37688191773394264e-02
3.37183595789397744e-02
3.37032244671993317e-02
3.36830967696109609e-02
3.36752425844885489e-02
3.36472839134817139e-02
3.36425882478072549e-02
3.36376536618889083e-02
3.35909390010495496e-02
3.35618423123216977e-02
3.34401472190403934e-02
3.34222315094976560e-02
3.32872222407609025e-02
3.32684683053358493e-02
3.31978064552015117e-02
3.31948620471680944e-02
3.31705350288440740e-02
3.29440786523645668e-02
3.28764911752027697e-02
3.28618629798377027e-02
3.28461293896745443e-02
3.28296268736023994e-02
3.27534754253827748e-02
3.27478554892581819e-02
3.26937080102776834e-02
3.26736008281756710e-02
3.26407361063824619e-02
3.26168808835544527e-02
3.23021557978664803e-02
3.22864661743547457e-02
3.22703794053434620e-02
3.22206306823737409e-02
3.22102631500188127e-02
3.21996708560534639e-02
3.21939473384666094e-02
3.20909391080377374e-02
3.20782034817029757e-02
3.20226605748633042e-02
3.18656731288946907e-02
3.18434617299279826e-02
3.17749688915589662e-02
3.17425585250472875e-02
3.17392414670143383e-02
3.17160744765065672e-02
3.16645558604478974e-02
3.16590983516549171e-02
3.16527964939883472e-02
3.16478279303030463e-02
3.16076900680019104e-02
3.15880283313332774e-02
3.15449676834527112e-02
3.15301453831126066e-02
3.15021157162922172e-02
3.13856659545902195e-02
3.13211423294797522e-02
3.13134106462799600e-02
3.12751064509041721e-02
3.12452683300486096e-02
3.12190482613812909e-02
3.11488831367924199e-02
3.11424769417525359e-02
3.11258926059554339e-02
3.11038766628294397e-02
3.10868427225887214e-02
3.10583704753474542e-02
3.10405810448070897e-02
3.10122922289518994e-02
3.09449419491994587e-02
3.08923907606366566e-02
3.08864975318782070e-02
3.08860578566264726e-02
3.08752243078395383e-02
3.08532362438837457e-02
3.08243563481907096e-02
3.07829285776829442e-02
3.07802493593072359e-02
3.07762206392387591e-02
3.07490811713485510e-02
3.07370464007581667e-02
3.07349039629304897e-02
3.07203939494859850e-02
3.07039561468313918e-02
3.06254977080392919e-02
3.05537713795552349e-02
3.03760660362880630e-02
3.03443940265448950e-02
3.02910338070523678e-02
3.02767890580883624e-02
3.02758271126402773e-02
3.02402744250803227e-02
3.02215537987874858e-02
3.01915585015772384e-02
3.01611570325058601e-02
3.01261669607324443e-02
3.01243206170309745e-02
3.00788108333107894e-02
3.00572725660175968e-02
3.00208989664691034e-02
2.99838206294254991e-02
2.99495822677217985e-02
2.98945142811753786e-02
2.98933099821301375e-02
2.98430771871041577e-02
2.98093043050151676e-02
2.97963945166862289e-02
2.97912522262529858e-02
2.97125724664595754e-02
2.97103800936145829e-02
2.96993223146109625e-02
2.96350867185085562e-02
2.96071248265328581e-02
2.95549134910652808e-02
2.95068584381413396e-02
2.94450554938128634e-02
2.94122696862875697e-02
2.93834806653600553e-02
2.93723227894256596e-02
2.93517422352673231e-02
2.93262732085152085e-02
2.93047290478047132e-02
2.92923614652503828e-02
2.92685504591032979e-02
2.92523267147332053e-02
2.91336926637369813e-02
2.90681475966945747e-02
2.90607504890443118e-02
2.90210861413814081e-02
2.90120867685473224e-02
2.90002589645381621e-02
2.89788293819833696e-02
2.89344662037367070e-02
2.89339471862013475e-02
2.89286561186902387e-02
2.89229581568979169e-02
2.89203476432697802e-02
2.88863769022201303e-02
2.88644793391465912e-02
2.88562407202830606e-02
2.88508445186698298e-02
2.88200713549420368e-02
2.88043955335612993e-02
2.87889864290424534e-02
2.87692654337317055e-02
2.87398921842223140e-02
2.87290449244305100e-02
2.87006508500106707e-02
2.86961765308137544e-02
2.86651469453207096e-02
2.86636044830918361e-02
2.86625501594098032e-02
2.86182687304116154e-02
2.86016818881718003e-02
2.86003939925828926e-02
2.85670171835978176e-02
2.85248592421369664e-02
2.85084996931210324e-02
2.85063766203242086e-02
2.84920964571625558e-02
2.84078214783313326e-02
2.83757021201294125e-02
2.82654231560850386e-02
2.82439458007604921e-02
2.82118423848368126e-02
2.82024778714839892e-02
2.81944305161805318e-02
2.81573845050907060e-02
2.81322130319763310e-02
2.80515659628628976e-02
2.80207657045202126e-02
2.79618021668231360e-02
2.78955837422242663e-02
2.78481630308561080e-02
2.78402518470110688e-02
2.77991831339652259e-02
2.77857568475940002e-02
2.77376945003068795e-02
2.77293457905475813e-02
2.77181200238965642e-02
2.75601340335442334e-02
2.74899711086277893e-02
2.74826293896209446e-02
2.74593141278820611e-02
2.73764909984560122e-02
2.73321315503411919e-02
2.73129616811967728e-02
2.72002350259731539e-02
2.71919116155573230e-02
2.71807493651712445e-02
2.71501479523895001e-02
2.70624332352544239e-02
2.70504404962463446e-02
2.69962400140904279e-02
2.69751204024065890e-02
2.69196855617261331e-02
2.68638006449987490e-02
2.68244760655823831e-02
2.67490264758283337e-02
2.67126519635601418e-02
2.67019002515345334e-02
2.67014725511755154e-02
2.65869707889956619e-02
2.65630158296862352e-02
2.65368003082988059e-02
2.65070306784790724e-02
2.64867805446928478e-02
2.63781013324133271e-02
2.63527165496256939e-02
2.63143649226623560e-02
2.62927951578199696e-02
2.62242542639099692e-02
2.62228827951333752e-02
2.62186753506252687e-02
2.61933493780994106e-02
2.61844597878275430e-02
2.61192164713182316e-02
2.61108802968292517e-02
2.60837165461586078e-02
2.60392643729789840e-02
2.60130274803059697e-02
2.60119834549519396e-02
2.59977285955968751e-02
2.59946646186584203e-02
2.59938200966374315e-02
2.59829886435544895e-02
2.59615480490708039e-02
2.58646935034195086e-02
2.58646891867098452e-02
2.58527209695712280e-02
2.58289208997724944e-02
2.58232785850451424e-02
2.58052127786028568e-02
2.57988280853900832e-02
2.57560318804614420e-02
2.57482235397478131e-02
2.57327847196460596e-02
2.57233140146068094e-02
2.57207855746181789e-02
2.57004965535672196e-02
2.56843534887420469e-02
2.56647089927342746e-02
2.56172026144910157e-02
2.56003306750556547e-02
2.55770655558527349e-02
2.55748683672022241e-02
2.55631376189380671e-02
2.55429051481276745e-02
2.54788235399651675e-02
2.53955655723363712e-02
2.52718143958696392e-02
2.52102447369923661e-02
2.51746160946606651e-02
2.51360162258923853e-02
2.51318344559938803e-02
2.50776609608075914e-02
2.50638272168156352e-02
2.50477323026769040e-02
2.49914285181693230e-02
2.49837149750460515e-02
2.49829923770464694e-02
2.49714538142035876e-02
2.49613368174615539e-02
2.49401709871964333e-02
2.49292951498506776e-02
2.48909322254557315e-02
2.48635271419237781e-02
2.48566849335599763e-02
2.48215428793735308e-02
2.48051752703608505e-02
2.47455257387849958e-02
2.47117617471389467e-02
2.47089920467834998e-02
2.46837194739350785e-02
2.46742062124393272e-02
2.46245176482413827e-02
2.45948118751944285e-02
2.45365203131571417e-02
2.45107456893779302e-02
2.45078962653052963e-02
2.44766044967559687e-02
2.44739825667931177e-02
2.43196623618605751e-02
2.42663448272766695e-02
2.42231139885937287e-02
2.41889075461120817e-02
2.41881644025512578e-02
2.41718183538854811e-02
2.41009104510544123e-02
2.40985011413891101e-02
2.40967019968165476e-02
2.40950367712988757e-02
2.40778782905246257e-02
2.40727735277019884e-02
2.40724777652576646e-02
2.40496420023592651e-02
2.39849959818628465e-02
2.39149119911074813e-02
2.39102042663068143e-02
2.38537336912299849e-02
2.37967518172986746e-02
2.37896386656152557e-02
2.37895734442225906e-02
2.37855689081820226e-02
2.37360394797852849e-02
2.37277481905088482e-02
2.36709338768052446e-02
2.36685207881231451e-02
2.36505877154631200e-02
2.36475159622189998e-02
2.36378934764663838e-02
2.36173872537635207e-02
2.36045942008867339e-02
2.36026318785856788e-02
2.35865628570901820e-02
2.35834513440720504e-02
2.35790877013569052e-02
2.35784536828615165e-02
2.35745011762574196e-02
2.35736195347020783e-02
2.35623162771411467e-02
2.35419038913064656e-02
2.34941681223485854e-02
2.34545976354032029e-02
2.34208336435198956e-02
2.34009392255283381e-02
2.33908195264898242e-02
2.33061709727714790e-02
2.32847199590810114e-02
2.32394889722332236e-02
2.32276663459332518e-02
2.32003843227122364e-02
2.31994398964848712e-02
2.31934574115008618e-02
2.31899305747215977e-02
2.31831024967188611e-02
2.31777174899067788e-02
2.31538555619208095e-02
2.31283808081661837e-02
2.31079306000498454e-02
2.30932919365995290e-02
2.30889068591900518e-02
2.30818704614408829e-02
2.30731331007256145e-02
2.30504465594838261e-02
2.30303080632136281e-02
2.29282963109546205e-02
2.28852743831930751e-02
2.28844479979701636e-02
2.28545810466241686e-02
2.28257481945285737e-02
2.27895179360095707e-02
2.27305487750021872e-02
2.27072347855816134e-02
2.26952874947906440e-02
2.26792508990900053e-02
2.26748033751259341e-02
2.26029481863240372e-02
2.25979827844349328e-02
2.25763963681014403e-02
2.25401399792279494e-02
2.25323348340672157e-02
2.25208264846608851e-02
2.25095945513342187e-02
2.24881562568673074e-02
2.24741765915671375e-02
2.24651502004816622e-02
2.24239392759594605e-02
2.24210827899863734e-02
2.24208753726025285e-02
2.23866769655266876e-02
2.23811300974516604e-02
2.23773137261989129e-02
2.23519596966416309e-02
2.23322230676108596e-02
2.23135057546062429e-02
2.22292004724501183e-02
2.21703185418778842e-02
2.21628179891172096e-02
2.21313556538780890e-02
2.21137065085493280e-02
2.21114210362171257e-02
2.20846169844994694e-02
2.20736413343709734e-02
2.20654256302796094e-02
2.20068385043178660e-02
2.19818989832833815e-02
2.19753022346344078e-02
2.19132154372792091e-02
2.19114153106398125e-02
2.18964924585496289e-02
2.18867136429445261e-02
2.18218921723081390e-02
2.17964626717345941e-02
2.17060163768543375e-02
2.17049758175241886e-02
2.16521317393057466e-02
2.16398621260835075e-02
2.16010028986756419e-02
2.15918463921233872e-02
2.15862225328083100e-02
2.15830593408440838e-02
2.15707066206098468e-02
2.15625917388436797e-02
2.15552978175724760e-02
2.14968146226490499e-02
2.14833152006490072e-02
2.14749990461938420e-02
2.14448786970866181e-02
2.14319615184446824e-02
2.14146838453474209e-02
2.13895504829940478e-02
2.13835891044026269e-02
2.13776501821594592e-02
2.13754865496213406e-02
2.13571141218994488e-02
2.13544627479451306e-02
2.13446234182071391e-02
2.13345945034081434e-02
2.13104021984612674e-02
2.13077574618900367e-02
2.12653204188291908e-02
2.12436841189131941e-02
2.12264856223071327e-02
2.12173096451830009e-02
2.11690899613686777e-02
2.11436499310466812e-02
2.11251124577357605e-02
2.11233253907642908e-02
2.11183053793335684e-02
2.10911174591337097e-02
2.10897613659020433e-02
2.10431268675936971e-02
2.10333067140942714e-02
2.10079980208278186e-02
2.10069939252670590e-02
2.10009208958215100e-02
2.09890719526412833e-02
2.09750828129975954e-02
2.09604124056303430e-02
2.09233405807950947e-02
2.09222098463332090e-02
2.09177479435234612e-02
2.09022885544398046e-02
2.08984796867171738e-02
2.08944061627787565e-02
2.08317898657063086e-02
2.07874339240901214e-02
2.07608702616062304e-02
2.07511738345951997e-02
2.07494837853161966e-02
2.06778235233544966e-02
2.06649160398706434e-02
2.06402742483325526e-02
2.06396814748978710e-02
2.05749312678516795e-02
2.05677869820732120e-02
2.05483282474097327e-02
2.05289149529742192e-02
2.05166219898928193e-02
2.04919700389575472e-02
2.04874263809799242e-02
2.04814510849933365e-02
2.04715892847913035e-02
2.04672013547687465e-02
2.04658098502643743e-02
2.04390285589036366e-02
2.04300270963008561e-02
2.03534332992474989e-02
2.03365806895212178e-02
2.03340625365290815e-02
2.03323896114556146e-02
2.02878776955001047e-02
2.02758723034571903e-02
2.02267403109855672e-02
2.02075908791266509e-02
2.01791010069567837e-02
2.01662341741055927e-02
2.01523450887371620e-02
2.01489773778272992e-02
2.01015139383276427e-02
2.00822116268614646e-02
2.00312874030206499e-02
2.00230943293627818e-02
2.00191412975592800e-02
1.99981551965555393e-02
1.99763849165437782e-02
1.99744913985469043e-02
1.99744157874292838e-02
1.99629106853987451e-02
1.99378050126607330e-02
1.98940773242103179e-02
1.98834839820363173e-02
1.98810499185069559e-02
1.98498370948243207e-02
1.98418553451217491e-02
1.98110184542123167e-02
1.98038625952718719e-02
1.98002202798757965e-02
1.97852858860609708e-02
1.97846494806754904e-02
1.97515811932657236e-02
1.97440118950029594e-02
1.97374575720823363e-02
1.97100379985638841e-02
1.97061473673738399e-02
1.96743634704424249e-02
1.96643785493155372e-02
1.96466586353169041e-02
1.96008818843717049e-02
1.95706340013454237e-02
1.95584266846586183e-02
1.95097715953768611e-02
1.94989056403947272e-02
1.94871570974857189e-02
1.94569468571696505e-02
1.94345281879017874e-02
1.93977006373729881e-02
1.93885701458247177e-02
1.93820329901328997e-02
1.93765071864901856e-02
1.93658614022619163e-02
1.93473771931069842e-02
1.93229838126965543e-02
1.93188709524672111e-02
1.92828534066060361e-02
1.92688218112490976e-02
1.92178280995108676e-02
1.92065389451209073e-02
1.91714402855444575e-02
1.91377185494391311e-02
1.91339385546110581e-02
1.91286456520042454e-02
1.91034670675652926e-02
1.90536284061724182e-02
1.90416915448276824e-02
1.90271832777429983e-02
1.90183291383079559e-02
1.90128887499993703e-02
1.89718750573205260e-02
1.89485507080411793e-02
1.88750385725118229e-02
1.88585199179816809e-02
1.88536122733910759e-02
1.88408630360003757e-02
1.88234868507728033e-02
1.87861443698135143e-02
1.87723215506571187e-02
1.87352197258446908e-02
1.87327529782787446e-02
1.87083185584329195e-02
1.87052200036071717e-02
1.86999572433935515e-02
1.86793975009686836e-02
1.86455935819574842e-02
1.86122618221749199e-02
1.85913134679419091e-02
1.85865540599931267e-02
1.85171656049248241e-02
1.85143771892223204e-02
1.84984756184207212e-02
1.84689990302659944e-02
1.84552432249962955e-02
1.84352791004348433e-02
1.84298889058675218e-02
1.84270400875951347e-02
1.84208374893313036e-02
1.83953346831553718e-02
1.83824046546384734e-02
1.83750124989045145e-02
1.83722747071718012e-02
1.83705914415813361e-02
1.83641979050107457e-02
1.83261516213603717e-02
1.83235406922241835e-02
1.83038126384532651e-02
1.82874829252237213e-02
1.82784228720023235e-02
1.82374344201885474e-02
1.82370580898289884e-02
1.82302224970979365e-02
1.82127178151799719e-02
1.81949011046143583e-02
1.81779188062452038e-02
1.81686619400545264e-02
1.81434483634958267e-02
1.81353980562369496e-02
1.81347793753457200e-02
1.81048533591705828e-02
1.81010922370935211e-02
1.80962570916974805e-02
1.80752191877858945e-02
1.80662749935758225e-02
1.80488236765198248e-02
1.80418829583689003e-02
1.80214137353611747e-02
1.80040640697309434e-02
1.79854234247999838e-02
1.79616223778127984e-02
1.79302603379867392e-02
1.79077059796311916e-02
1.79050941965346842e-02
1.78814515136877586e-02
1.78493939202678843e-02
1.78455882659136096e-02
1.78435964432237248e-02
1.78397282105846912e-02
1.77836888552895811e-02
1.77676567081771937e-02
1.77528983203093411e-02
1.77493753455034431e-02
1.77462743446650112e-02
1.77047644561024349e-02
1.76875222905369216e-02
1.76822200790317345e-02
1.76642719701833421e-02
1.76400296344910966e-02
1.76379898501118001e-02
1.75670438277121185e-02
1.75591135014192511e-02
1.75545447702729722e-02
1.75518252890282771e-02
1.74680384043396364e-02
1.74391399854946505e-02
1.74059510713781007e-02
1.74035240394921770e-02
1.73983216637191747e-02
1.73694610093306327e-02
1.73295730550306580e-02
1.73070499437894959e-02
1.73024417909852617e-02
1.72914845252690429e-02
1.72871102038555657e-02
1.72350042488767022e-02
1.72317091344787211e-02
1.72276088671901133e-02
1.72221131087490105e-02
1.71975270151917582e-02
1.71955362054750857e-02
1.71753442422986347e-02
1.71571307796965326e-02
1.71529177098450648e-02
1.71363234152701119e-02
1.71249524485085763e-02
1.71106703528433324e-02
1.70758419818331508e-02
1.70626601755380844e-02
1.70517431996663159e-02
1.70352060979835837e-02
1.70289203899770848e-02
1.70032794731406964e-02
1.70009142658651864e-02
1.69951462820945101e-02
1.69691045970194465e-02
1.69542168148392146e-02
1.69446637774975026e-02
1.69433312760114349e-02
1.69383765469408136e-02
1.69154997786404963e-02
1.69068223944599146e-02
1.68819633006268392e-02
1.68733693255256022e-02
1.68661179383413212e-02
1.68655082541403316e-02
1.68497052174464562e-02
1.68427473436023635e-02
1.68367097313767561e-02
1.68242737637111194e-02
1.67984276084710490e-02
1.67739843318288583e-02
1.67530538952866195e-02
1.67527217527237912e-02
1.67473504202379254e-02
1.67383385018378926e-02
1.67227130473096113e-02
1.66875882308581934e-02
1.66734609272300854e-02
1.66667148707163697e-02
1.66317743492110891e-02
1.65989491998476853e-02
1.65864873194250841e-02
1.65749328775077649e-02
1.65652479048268367e-02
1.65601301768277115e-02
1.65349975837473170e-02
1.65305494043897008e-02
1.65045910385692024e-02
1.64888786621823144e-02
1.64759218345498920e-02
1.64679262110364009e-02
1.64654460249952679e-02
1.64637165619618137e-02
1.64580375334550735e-02
1.64449764749680025e-02
1.64441535661754082e-02
1.64319749727741306e-02
1.64297875210526641e-02
1.64277561520757599e-02
1.64148611353007665e-02
1.64009809066612486e-02
1.63968004700050518e-02
1.63886805259852684e-02
1.63598568244909225e-02
1.63175915542072905e-02
1.63159131782548532e-02
1.63015201389297218e-02
1.62836755571156601e-02
1.62832626530426544e-02
1.62769417045567043e-02
1.62639179678213293e-02
1.62587489562655355e-02
1.62414905847444099e-02
1.62024947162091454e-02
1.62011446419876477e-02
1.61855965134361894e-02
1.61223803263508512e-02
1.60957269341113172e-02
1.60911529516400836e-02
1.60644477061507029e-02
1.60490247798823586e-02
1.60364426945660277e-02
1.60306188980543808e-02
1.59929710821711188e-02
1.59639018493422380e-02
1.59597018946497707e-02
1.59582755593923493e-02
1.59531623785529354e-02
1.59479945712063254e-02
1.59400891779077798e-02
1.59364030820074686e-02
1.59171750037404303e-02
1.59134303000526868e-02
1.58974106600536097e-02
1.58680665106266695e-02
1.58558557650061889e-02
1.58535634766215662e-02
1.58481742557250796e-02
1.58326251342164430e-02
1.58220327170958582e-02
1.58209887132131216e-02
1.58105175613547366e-02
1.58074636820145185e-02
1.58073678642628342e-02
1.58024164936504501e-02
1.57962486586685803e-02
1.57509736001218356e-02
1.57278446684047390e-02
1.56903009974034210e-02
1.56900224831027189e-02
1.56406811573119031e-02
1.56333585608860182e-02
1.56299331881463825e-02
1.56226706955265287e-02
1.55998884128448444e-02
1.55762185184992619e-02
1.55555937393158442e-02
1.55547870168775797e-02
1.55486667627723028e-02
1.55396028573770752e-02
1.55316309192166171e-02
1.55283607835212355e-02
1.55280696287648460e-02
1.55273359152400779e-02
1.55117278369116922e-02
1.55069413607058400e-02
1.55017424792569733e-02
1.54716024722155506e-02
1.54688814327936467e-02
1.54683983599060437e-02
1.54633353045694234e-02
1.54547781350002980e-02
1.54394871930557884e-02
1.54351114237787426e-02
1.54182995370257935e-02
1.53590253814917237e-02
1.53570154125522006e-02
1.53540970843540400e-02
1.53366641332605379e-02
1.53303121058007627e-02
1.53202911577028037e-02
1.53130313948252796e-02
1.53055634334128311e-02
1.53054193319731857e-02
1.52949657545535887e-02
1.52877294200464454e-02
1.52872957926238374e-02
1.52713074390888413e-02
1.52636782771860009e-02
1.52070350450715323e-02
1.52016808928720579e-02
1.51720218470567433e-02
1.51717844705240874e-02
1.51547242834808322e-02
1.51489140733208644e-02
1.51393243451474931e-02
1.51382175238597063e-02
1.51228030905241704e-02
1.51196393713590605e-02
1.51179930175414628e-02
1.51175295063805688e-02
1.51087073883958874e-02
1.50918500108169571e-02
1.50903887336531796e-02
1.50834605567460867e-02
1.50804742328903476e-02
1.50647299283163220e-02
1.50311235059978360e-02
1.50142869866633309e-02
1.49643601756534114e-02
1.49628585901396792e-02
1.49042902535649231e-02
1.48734074922935427e-02
1.48031757553448197e-02
1.47786871292096018e-02
1.47763925477435651e-02
1.47536986542625304e-02
1.47316978218675915e-02
1.47199340326189202e-02
1.47095166830437073e-02
1.46809598555280602e-02
1.46683987794628667e-02
1.46588522261084271e-02
1.46355833869337686e-02
1.46349570056910142e-02
1.46269860442157940e-02
1.46077201942390288e-02
1.45825601638570786e-02
1.45595388739713765e-02
1.45588474095024283e-02
1.45501169444950812e-02
1.45462958413820238e-02
1.45405426983261123e-02
1.45285782613199937e-02
1.44912858603681461e-02
1.44863413994452874e-02
1.44820794482175309e-02
1.44717622122545551e-02
1.44378416372348967e-02
1.44244733587715473e-02
1.43608147865424939e-02
1.43566508466911411e-02
1.43561850890146590e-02
1.43538603885693655e-02
1.43454592528729358e-02
1.42951138259863487e-02
1.42949576193153009e-02
1.42766292892366198e-02
1.42758875879997922e-02
1.42702077774202341e-02
1.42654644785944404e-02
1.42589551897538153e-02
1.42393961234087707e-02
1.41825130091313024e-02
1.41530020907553247e-02
1.41456609763903843e-02
1.41432600177383780e-02
1.41139112769321003e-02
1.41067230906906389e-02
1.40912253962839819e-02
1.40743121441124254e-02
1.40710086265039089e-02
1.40666977263114636e-02
1.40647657529708522e-02
1.40635340553966932e-02
1.40632795472724875e-02
1.40601038848331122e-02
1.40241418195621755e-02
1.40218659538082855e-02
1.39945345703594883e-02
1.39747617246318030e-02
1.39722746467263719e-02
1.39647153340982343e-02
1.39611887508343229e-02
1.39611308800873697e-02
1.39583059212889972e-02
1.39272517502914625e-02
1.39143425273303666e-02
1.39049763794393717e-02
1.39012980857780750e-02
1.38955315137241613e-02
1.38927305373405634e-02
1.38865266328641601e-02
1.38860643639339525e-02
1.38598603539993818e-02
1.38327462104968647e-02
1.38136755360642564e-02
1.38120883259897510e-02
1.37731697617127554e-02
1.37725523155546020e-02
1.37655509508734734e-02
1.37556330851696940e-02
1.37544123168568070e-02
1.37211709717189722e-02
1.37132940222277361e-02
1.37107089786620701e-02
1.37069542883695387e-02
1.37064746189888790e-02
1.36642109605334319e-02
1.36500769263568165e-02
1.36345410425838254e-02
1.36188659368603193e-02
1.36006180675106517e-02
1.35959981993817522e-02
1.35888474011206396e-02
1.35876266394529925e-02
1.35875996502766022e-02
1.35803649485442025e-02
1.35558404460920153e-02
1.35392799343646772e-02
1.35357889228291933e-02
1.35343764888418549e-02
1.35334573681598989e-02
1.35032527883732767e-02
1.34702207529342009e-02
1.34602092617834360e-02
1.34595566956810641e-02
1.34564983725868337e-02
1.34517522360248047e-02
1.34477470336158006e-02
1.34199003809490468e-02
1.34121375165455713e-02
1.33756390624217222e-02
1.33703666729684638e-02
1.33673503368136118e-02
1.33634138069233174e-02
1.33382953758872502e-02
1.33320199069221941e-02
1.33238022994341572e-02
1.32928085128081151e-02
1.32769450413075859e-02
1.32623450857171834e-02
1.32491130116121261e-02
1.32429566491407951e-02
1.32412248070629696e-02
1.32403744485839001e-02
1.32052024119973799e-02
1.32037774113233485e-02
1.31980834110805630e-02
1.31899258708197790e-02
1.31885101219381823e-02
1.31846005492351533e-02
1.31732461288420113e-02
1.31611438940117537e-02
1.31559012386069565e-02
1.31535764825615499e-02
1.31446144151352844e-02
1.31349202820300083e-02
1.31164055012493591e-02
1.31154318322498405e-02
1.31153669128795843e-02
1.31146912178886441e-02
1.30994182705498775e-02
1.30976285509981534e-02
1.30498497822395219e-02
1.30478045564664732e-02
1.30443277672025668e-02
1.30140484343805735e-02
1.30121692903792212e-02
1.30115707570330058e-02
1.30003514184209596e-02
1.29863165798505698e-02
1.29837899310507408e-02
1.29836071300424155e-02
1.29791883693721345e-02
1.29400188740319243e-02
1.29164032417175226e-02
1.29095295380385680e-02
1.29040880096159168e-02
1.28724887089135820e-02
1.28700080487392718e-02
1.28676989102214714e-02
1.28602436553716115e-02
1.28574409812968072e-02
1.28543613981749860e-02
1.28497879495432510e-02
1.28490087498033742e-02
1.28452762110045741e-02
1.28344676776914329e-02
1.28338059932213786e-02
1.28210783299278763e-02
1.28210717369766480e-02
1.28094108559749561e-02
1.28083839053574761e-02
1.28077919562166655e-02
1.27999280178095649e-02
1.27851612386571164e-02
1.27805273188474258e-02
1.27289656008699563e-02
1.27282025997424077e-02
1.27215027255719055e-02
1.27157860953993427e-02
1.27136451393281193e-02
1.27117483840263491e-02
1.27117126659246210e-02
1.26881732730255194e-02
1.26716128871960810e-02
1.26697813197915558e-02
1.26279363821100044e-02
1.26219783899432642e-02
1.26151200319902408e-02
1.26134069399741564e-02
1.25927055333046930e-02
1.25914234696076800e-02
1.25869916586780813e-02
1.25853168473916387e-02
1.25731897361522436e-02
1.25728139719456043e-02
1.25704010562583124e-02
1.25585943328032409e-02
1.25570092619998117e-02
1.25436129919279642e-02
1.25384095712732409e-02
1.25160014074396624e-02
1.25116496021938917e-02
1.25111830481616088e-02
1.25057358667713444e-02
1.25022348818110834e-02
1.24968757536627808e-02
1.24859989167011593e-02
1.24643995551983380e-02
1.24552116489500767e-02
1.24416954039598352e-02
1.24415657866556138e-02
1.24391269243402779e-02
1.24312398121133507e-02
1.24170257117694298e-02
1.24157792533253521e-02
1.24051616756956709e-02
1.23924242951109643e-02
1.23847307350909309e-02
1.23717216509991058e-02
1.23621511377221410e-02
1.23539241289737384e-02
1.23423284460382893e-02
1.23304970975036416e-02
1.23107023820269827e-02
1.23091094287755033e-02
1.22768494273184006e-02
1.22747099067255748e-02
1.22715102792813283e-02
