
Options ResourceUsage=yes UseNutmegFormat=no EnableOptim=no TopDesignName="Wilkinson_lib:Lumped_wilkinson:schematic"
L:L1  N__4 N__3 L=4.68914748 nH Noise=yes  
L:L2  N__4 N__6 L=4.68914748 nH Noise=yes  
C:C1  0 N__4 C=0.937829496 pF 
C:C2  0 N__3 C=0.937829496 pF 
C:C3  N__4 0 C=0.937829496 pF 
C:C4  N__6 0 C=0.937829496 pF 
S_Param:SP1 CalcS=yes CalcY=no CalcZ=no GroupDelayAperture=1e-4 FreqConversion=no FreqConversionPort=1 StatusLevel=2 CalcNoise=no SortNoise=0 BandwidthForNoise=1.0 Hz DevOpPtLevel=0 \
SweepVar="freq" SweepPlan="SP1_stim" OutputPlan="SP1_Output" 

SweepPlan: SP1_stim Start=1.0 GHz Stop=5 GHz Lin=101 

OutputPlan:SP1_Output \
      Type="Output" \
      UseEquationNestLevel=yes \
      EquationNestLevel=2 \
      UseSavedEquationNestLevel=yes \
      SavedEquationNestLevel=2

Port:Term1  N__4 0 Num=1 Z=50 Ohm Noise=yes 
Port:Term2  N__15 0 Num=2 Z=50 Ohm Noise=yes 
Port:Term3  N__6 0 Num=3 Z=50 Ohm Noise=yes 
R:R1  N__3 N__6 R=100 Ohm Noise=yes 
L:L3  N__3 N__15 L=3.315727981 nH Noise=yes  
C:C5  0 N__3 C=1.326291192 pF 
C:C6  0 N__15 C=1.326291192 pF 
