PROGRESS 26
PROGRESS 27
PROGRESS 28
PROGRESS 29
PROGRESS 30
PROGRESS 31
PROGRESS 32
PROGRESS 34
PROGRESS 35
PROGRESS 37
PROGRESS 38
PROGRESS 39
PROGRESS 41
PROGRESS 42
PROGRESS 43
PROGRESS 44
PROGRESS 46
PROGRESS 48
PROGRESS 49
PROGRESS 50
PROGRESS 51
PROGRESS 55
PROGRESS 56
PROGRESS 58
PROGRESS 60
PROGRESS 62
PROGRESS 65
PROGRESS 67
PROGRESS 68
PROGRESS 71
PROGRESS 74
PROGRESS 75
PROGRESS 90
PROGRESS 100

 1. Frequency: 1 GHz      Unknowns:   31308
    Solver:  Direct threaded 64-bit
    CPU time: 00:00:09.5    Elapsed time: 00:00:02.5    Memory: 251.707 Mbyte 
PROGRESS 26
PROGRESS 27
PROGRESS 28
PROGRESS 29
PROGRESS 31
PROGRESS 32
PROGRESS 34
PROGRESS 35
PROGRESS 38
PROGRESS 40
PROGRESS 42
PROGRESS 44
PROGRESS 46
PROGRESS 48
PROGRESS 49
PROGRESS 52
PROGRESS 54
PROGRESS 55
PROGRESS 57
PROGRESS 58
PROGRESS 60
PROGRESS 62
PROGRESS 65
PROGRESS 67
PROGRESS 71
PROGRESS 73
PROGRESS 74
PROGRESS 75
PROGRESS 90
PROGRESS 100

 2. Frequency: 2.66667 GHz      Unknowns:   31308
    Solver:  Direct threaded 64-bit
    CPU time: 00:00:05.4    Elapsed time: 00:00:00.7    Memory: 252.734 Mbyte 
PROGRESS 26
PROGRESS 27
PROGRESS 28
PROGRESS 30
PROGRESS 31
PROGRESS 32
PROGRESS 34
PROGRESS 35
PROGRESS 37
PROGRESS 39
PROGRESS 41
PROGRESS 42
PROGRESS 44
PROGRESS 47
PROGRESS 49
PROGRESS 52
PROGRESS 53
PROGRESS 55
PROGRESS 57
PROGRESS 61
PROGRESS 63
PROGRESS 65
PROGRESS 68
PROGRESS 72
PROGRESS 74
PROGRESS 75
PROGRESS 90
PROGRESS 100

 3. Frequency: 4.33333 GHz      Unknowns:   31308
    Solver:  Direct threaded 64-bit
    CPU time: 00:00:05.1    Elapsed time: 00:00:00.7    Memory: 253.516 Mbyte 
PROGRESS 26
PROGRESS 27
PROGRESS 28
PROGRESS 30
PROGRESS 32
PROGRESS 33
PROGRESS 34
PROGRESS 36
PROGRESS 38
PROGRESS 39
PROGRESS 41
PROGRESS 43
PROGRESS 44
PROGRESS 46
PROGRESS 50
PROGRESS 52
PROGRESS 53
PROGRESS 55
PROGRESS 56
PROGRESS 57
PROGRESS 59
PROGRESS 62
PROGRESS 64
PROGRESS 66
PROGRESS 69
PROGRESS 72
PROGRESS 74
PROGRESS 75
PROGRESS 90
PROGRESS 100

 4. Frequency: 5.16667 GHz      Unknowns:   31308
    Solver:  Direct threaded 64-bit
    CPU time: 00:00:05.8    Elapsed time: 00:00:01.5    Memory: 254.230 Mbyte 
PROGRESS 26
PROGRESS 27
PROGRESS 28
PROGRESS 29
PROGRESS 30
PROGRESS 32
PROGRESS 34
PROGRESS 36
PROGRESS 38
PROGRESS 40
PROGRESS 42
PROGRESS 43
PROGRESS 46
PROGRESS 48
PROGRESS 50
PROGRESS 53
PROGRESS 55
PROGRESS 56
PROGRESS 57
PROGRESS 59
PROGRESS 60
PROGRESS 62
PROGRESS 67
PROGRESS 68
PROGRESS 71
PROGRESS 74
PROGRESS 75
PROGRESS 90
PROGRESS 100

 5. Frequency: 4.75 GHz      Unknowns:   31308
    Solver:  Direct threaded 64-bit
    CPU time: 00:00:05.3    Elapsed time: 00:00:00.9    Memory: 254.723 Mbyte 
PROGRESS 26
PROGRESS 27
PROGRESS 28
PROGRESS 30
PROGRESS 31
PROGRESS 33
PROGRESS 34
PROGRESS 36
PROGRESS 38
PROGRESS 41
PROGRESS 43
PROGRESS 44
PROGRESS 46
PROGRESS 47
PROGRESS 49
PROGRESS 52
PROGRESS 55
PROGRESS 57
PROGRESS 59
PROGRESS 61
PROGRESS 64
PROGRESS 66
PROGRESS 70
PROGRESS 72
PROGRESS 74
PROGRESS 75
PROGRESS 90
PROGRESS 100

 6. Frequency: 1.83333 GHz      Unknowns:   31308
    Solver:  Direct threaded 64-bit
    CPU time: 00:00:05.9    Elapsed time: 00:00:01.2    Memory: 254.723 Mbyte 
PROGRESS 26
PROGRESS 27
PROGRESS 28
PROGRESS 29
PROGRESS 30
PROGRESS 32
PROGRESS 33
PROGRESS 34
PROGRESS 36
PROGRESS 37
PROGRESS 38
PROGRESS 39
PROGRESS 40
PROGRESS 41
PROGRESS 42
PROGRESS 43
PROGRESS 44
PROGRESS 45
PROGRESS 46
PROGRESS 47
PROGRESS 48
PROGRESS 50
PROGRESS 52
PROGRESS 55
PROGRESS 56
PROGRESS 57
PROGRESS 60
PROGRESS 62
PROGRESS 64
PROGRESS 68
PROGRESS 70
PROGRESS 73
PROGRESS 74
PROGRESS 75
PROGRESS 90
PROGRESS 100

 7. Frequency: 1.41667 GHz      Unknowns:   31308
    Solver:  Direct threaded 64-bit
    CPU time: 00:00:05.5    Elapsed time: 00:00:01.3    Memory: 254.875 Mbyte 
PROGRESS 26
PROGRESS 27
PROGRESS 28
PROGRESS 30
PROGRESS 31
PROGRESS 33
PROGRESS 34
PROGRESS 36
PROGRESS 37
PROGRESS 39
PROGRESS 40
PROGRESS 41
PROGRESS 43
PROGRESS 44
PROGRESS 46
PROGRESS 47
PROGRESS 48
PROGRESS 51
PROGRESS 53
PROGRESS 56
PROGRESS 57
PROGRESS 59
PROGRESS 62
PROGRESS 64
PROGRESS 65
PROGRESS 69
PROGRESS 73
PROGRESS 74
PROGRESS 75
PROGRESS 90
PROGRESS 100

 8. Frequency: 3.5 GHz      Unknowns:   31308
    Solver:  Direct threaded 64-bit
    CPU time: 00:00:05.5    Elapsed time: 00:00:01.4    Memory: 254.875 Mbyte 
PROGRESS 26
PROGRESS 27
PROGRESS 28
PROGRESS 30
PROGRESS 31
PROGRESS 32
PROGRESS 34
PROGRESS 36
PROGRESS 37
PROGRESS 40
PROGRESS 42
PROGRESS 45
PROGRESS 46
PROGRESS 49
PROGRESS 52
PROGRESS 54
PROGRESS 56
PROGRESS 58
PROGRESS 60
PROGRESS 61
PROGRESS 64
PROGRESS 66
PROGRESS 67
PROGRESS 69
PROGRESS 72
PROGRESS 74
PROGRESS 75
PROGRESS 90
PROGRESS 100

 9. Frequency: 3.08333 GHz      Unknowns:   31308
    Solver:  Direct threaded 64-bit
    CPU time: 00:00:05.5    Elapsed time: 00:00:01.2    Memory: 254.938 Mbyte 
PROGRESS 26
PROGRESS 27
PROGRESS 28
PROGRESS 30
PROGRESS 32
PROGRESS 34
PROGRESS 36
PROGRESS 38
PROGRESS 39
PROGRESS 41
PROGRESS 43
PROGRESS 44
PROGRESS 46
PROGRESS 48
PROGRESS 50
PROGRESS 52
PROGRESS 55
PROGRESS 56
PROGRESS 58
PROGRESS 60
PROGRESS 62
PROGRESS 65
PROGRESS 67
PROGRESS 71
PROGRESS 74
PROGRESS 75
PROGRESS 90
PROGRESS 100

10. Frequency: 3.29167 GHz      Unknowns:   31308
    Solver:  Direct threaded 64-bit
    CPU time: 00:00:05.1    Elapsed time: 00:00:00.9    Memory: 254.984 Mbyte 
PROGRESS 26
PROGRESS 27
PROGRESS 28
PROGRESS 29
PROGRESS 30
PROGRESS 32
PROGRESS 34
PROGRESS 36
PROGRESS 37
PROGRESS 39
PROGRESS 41
PROGRESS 45
PROGRESS 48
PROGRESS 50
PROGRESS 51
PROGRESS 53
PROGRESS 55
PROGRESS 61
PROGRESS 63
PROGRESS 65
PROGRESS 67
PROGRESS 68
PROGRESS 73
PROGRESS 74
PROGRESS 75
PROGRESS 90
PROGRESS 100

11. Frequency: 3.91667 GHz      Unknowns:   31308
    Solver:  Direct threaded 64-bit
    CPU time: 00:00:05.5    Elapsed time: 00:00:01.1    Memory: 255.199 Mbyte 
PROGRESS 26
PROGRESS 27
PROGRESS 28
PROGRESS 29
PROGRESS 30
PROGRESS 32
PROGRESS 33
PROGRESS 35
PROGRESS 36
PROGRESS 38
PROGRESS 40
PROGRESS 42
PROGRESS 43
PROGRESS 44
PROGRESS 47
PROGRESS 48
PROGRESS 49
PROGRESS 50
PROGRESS 51
PROGRESS 54
PROGRESS 55
PROGRESS 59
PROGRESS 62
PROGRESS 64
PROGRESS 66
PROGRESS 70
PROGRESS 73
PROGRESS 74
PROGRESS 75
PROGRESS 90
PROGRESS 100

12. Frequency: 2.25 GHz      Unknowns:   31308
    Solver:  Direct threaded 64-bit
    CPU time: 00:00:04.3    Elapsed time: 00:00:01.0    Memory: 255.199 Mbyte 
PROGRESS 26
PROGRESS 28
PROGRESS 29
PROGRESS 30
PROGRESS 32
PROGRESS 33
PROGRESS 35
PROGRESS 36
PROGRESS 37
PROGRESS 39
PROGRESS 41
PROGRESS 44
PROGRESS 46
PROGRESS 47
PROGRESS 49
PROGRESS 51
PROGRESS 53
PROGRESS 55
PROGRESS 57
PROGRESS 60
PROGRESS 61
PROGRESS 65
PROGRESS 66
PROGRESS 69
PROGRESS 71
PROGRESS 73
PROGRESS 74
PROGRESS 75
PROGRESS 90
PROGRESS 100

13. Frequency: 4.54167 GHz      Unknowns:   31308
    Solver:  Direct threaded 64-bit
    CPU time: 00:00:04.6    Elapsed time: 00:00:01.0    Memory: 255.426 Mbyte 
PROGRESS 26
PROGRESS 27
PROGRESS 28
PROGRESS 30
PROGRESS 32
PROGRESS 33
PROGRESS 35
PROGRESS 37
PROGRESS 38
PROGRESS 39
PROGRESS 41
PROGRESS 43
PROGRESS 44
PROGRESS 45
PROGRESS 46
PROGRESS 48
PROGRESS 50
PROGRESS 51
PROGRESS 53
PROGRESS 56
PROGRESS 59
PROGRESS 61
PROGRESS 63
PROGRESS 67
PROGRESS 71
PROGRESS 73
PROGRESS 74
PROGRESS 75
PROGRESS 90
PROGRESS 100

14. Frequency: 5.58333 GHz      Unknowns:   31308
    Solver:  Direct threaded 64-bit
    CPU time: 00:00:05.2    Elapsed time: 00:00:01.6    Memory: 255.426 Mbyte 
