==============================================================================

                  ------ MOMENTUM STATISTICS (RF mode) ------

              Momentum MomEngine_64 2020.00.283 (*) built: Jul 17 2019
                           Mon May  8 09:28:55 2023

==============================================================================


------------------------------------------------------------------------------
MESH
------------------------------------------------------------------------------
 Frequency          : 6 GHz

 Rectangular cells  : 56
 Quadrangular cells : 52
 Triangular cells   : 29
 Via cells          : 0

 Edge currents      : 190


------------------------------------------------------------------------------
TOTALS
------------------------------------------------------------------------------
 Nr of Frequencies   : 0 

 Physical memory :    31.77 MB
 Virtual memory  :    13.12 MB
 Page faults     :       18262
 User Time       :    0h 0m 0s
 Elapsed Time    :    0h 0m 9s

==============================================================================

