License checkout took 0.068 sec
License checkout took 0.034 sec
Momentum MomEngine_64 2020.00.283 (*) built: Jul 17 2019
Copyright  1992 - 2019 Keysight Technologies
Simulation started on: Mon May  8 09:28:52 2023
Simulation Mode: RF
Substrate valid
Using the minimal snap distance of 0.0004 mm
(4 layout resolution points) for layout healing.

--- WARNING -------------------------------------------------------------------

Layout healing changed the layout. The actual
highest aggregate snap distance was 0.0002 mm.
Further details have been written to the DRC
report.

-------------------------------------------------------------------------------
Layout simplification started
.........|.........|.........|.........| 
Layout simplification finished
Generating mesh at 6 GHz...
S-parameter simulation
S-parameter simulation started
...initializing
...extracting layout

--- ERROR ---------------------------------------------------------------------

Unable to open the file proj.msh.

Check : - existence of file ;
        - file/directory read access permissions.

-------------------------------------------------------------------------------
Simulation finished on: Mon May  8 09:29:04 2023
