5.97403290085856353e-01
5.86535611770665155e-01
5.11594486929457859e-01
5.08756190386378204e-01
4.23722199778497233e-01
4.20463849458802608e-01
4.01945539216378489e-01
3.98347919883178692e-01
3.95355137632592557e-01
3.86791159232396875e-01
3.85814677696028951e-01
3.79810584308751920e-01
3.78229623313839136e-01
3.70380219891905282e-01
3.62963493769860090e-01
3.61333963966222860e-01
3.59224295782944070e-01
3.58589349231257182e-01
3.53439340441968397e-01
3.51409711393968149e-01
3.51096508332725099e-01
3.49673884552689218e-01
3.47604342886316364e-01
3.45405000962101028e-01
3.38910901848873403e-01
3.38876146717537019e-01
3.35469078521340780e-01
3.31690449402790521e-01
3.31122834405864264e-01
3.26516101240445167e-01
3.26069740401518815e-01
3.23462047996327773e-01
3.15422155640250390e-01
3.15174220978950648e-01
3.15067072937281478e-01
3.08624878403159553e-01
3.08152988972024700e-01
3.05564620017842903e-01
3.04872183101121630e-01
3.04465301316564074e-01
3.03645713698711406e-01
3.03175493763861825e-01
3.01690917022882588e-01
3.00708364241248416e-01
2.96668844818956667e-01
2.95753246297184524e-01
2.94613295079709681e-01
2.90882654604500135e-01
2.90527051240194678e-01
2.87574428270543025e-01
2.85584891637277016e-01
2.83782198689864762e-01
2.83422044946517515e-01
2.82085867101549481e-01
2.79174884543807289e-01
2.74760860901869020e-01
2.72238228644560765e-01
2.71888392694429326e-01
2.71149796354884065e-01
2.69140546580024509e-01
2.68791951819533748e-01
2.68342918725280211e-01
2.67529739070779871e-01
2.66874855072162687e-01
2.64515998174888800e-01
2.64199098655682474e-01
2.63279789643081019e-01
2.59475274129992939e-01
2.59052192097413370e-01
2.57497062747227945e-01
2.56357866714667648e-01
2.55072889469237118e-01
2.54445965236907212e-01
2.52688026945946331e-01
2.51857382742922020e-01
2.51779839433137531e-01
2.50705247212528237e-01
2.49885063992429934e-01
2.49686313387204012e-01
2.49679965248807534e-01
2.49400275900922064e-01
2.48509168069160402e-01
2.46944061695987038e-01
2.46499998189163766e-01
2.45487044972939550e-01
2.44786460365895936e-01
2.43462406079301058e-01
2.40430824621352651e-01
2.40280152215437193e-01
2.39604885818182595e-01
2.39495717725412005e-01
2.37069327505542354e-01
2.36865113817834899e-01
2.36821106839628037e-01
2.35418344092480858e-01
2.34803207903551553e-01
2.34409231405029644e-01
2.32264748664431836e-01
2.31837701186671186e-01
2.31071155962981362e-01
2.30572302213152308e-01
2.29136148027039355e-01
2.28815848562809648e-01
2.27987306212778185e-01
2.27154295131224371e-01
2.24708309246561655e-01
2.24333305632532926e-01
2.23252199941459811e-01
2.22363022758156698e-01
2.22311691943700596e-01
2.19532550447869595e-01
2.19194672982970989e-01
2.17572359203135363e-01
2.17496577283215420e-01
2.16963201339221839e-01
2.16047043988071341e-01
2.14812828340938677e-01
2.13760408187870593e-01
2.13410094063388955e-01
2.13079357675903941e-01
2.10788000420285893e-01
2.10716074340693615e-01
2.10236078693279760e-01
2.09897024991140213e-01
2.09716080801973903e-01
2.09428619574151376e-01
2.07462849339800026e-01
2.07386612495941619e-01
2.06652154669554861e-01
2.06479126889032555e-01
2.06410727337825867e-01
2.04332451937414589e-01
2.04204244475342744e-01
2.04166978879210731e-01
2.03549877132835622e-01
2.03376360468575712e-01
2.03348372798245192e-01
2.02872590362721705e-01
2.02324776825836022e-01
2.01225256743461256e-01
2.00146204223959456e-01
2.00032592903375828e-01
1.99566879640928868e-01
1.97749919091288168e-01
1.96943498155289803e-01
1.96745359902805034e-01
1.96259075522154908e-01
1.96085495524301934e-01
1.94660405651434582e-01
1.94393634275759508e-01
1.94034852779065653e-01
1.93760751381873819e-01
1.92509989137978510e-01
1.92180904475019620e-01
1.92093944401394184e-01
1.91748704652978552e-01
1.91673049060214651e-01
1.91317983043107570e-01
1.90711740335740315e-01
1.90686107296572316e-01
1.90673173126007928e-01
1.90267370126733226e-01
1.90138776076275495e-01
1.90056621487256883e-01
1.87852831336549342e-01
1.85873707468768495e-01
1.85656037365941634e-01
1.85184752097246247e-01
1.84596358014682882e-01
1.84589795745206786e-01
1.83818049496327712e-01
1.83728229022980610e-01
1.83243518985686360e-01
1.83220891335204972e-01
1.82445197475139154e-01
1.82154764928740553e-01
1.80800668499938838e-01
1.80598491768690167e-01
1.78972969478327609e-01
1.77276555292416371e-01
1.76754843269316647e-01
1.76693408397412599e-01
1.76363410092123835e-01
1.75991322490615193e-01
1.75456370676785073e-01
1.75411026084959232e-01
1.75350968203753343e-01
1.75306467241557823e-01
1.74992708425698501e-01
1.74669278215276835e-01
1.74484934796094837e-01
1.74396156397844060e-01
1.74365280306619935e-01
1.73831631909308532e-01
1.73760167705001634e-01
1.72776939780232314e-01
1.72705103418584638e-01
1.72419662170716304e-01
1.72242151464916116e-01
1.72179093456351601e-01
1.70921156270622071e-01
1.69991048244224119e-01
1.69967627666413545e-01
1.69959575573054522e-01
1.69868877097590326e-01
1.69763302532333460e-01
1.69287971375407742e-01
1.68829149785474253e-01
1.68612650433022149e-01
1.68555134436217169e-01
1.68347381650094247e-01
1.67926637418796154e-01
1.67478212025012563e-01
1.67419949612090474e-01
1.66688122704439834e-01
1.66391373625224964e-01
1.65824566299580117e-01
1.65178010364971262e-01
1.64127183746276245e-01
1.64123236458884492e-01
1.63638397427756738e-01
1.63067616779967367e-01
1.62864449548246831e-01
1.62766407937242535e-01
1.62662953059736076e-01
1.62604445726780872e-01
1.62368228832072747e-01
1.61844612378532121e-01
1.61577193804446517e-01
1.61477350949616294e-01
1.61009997027173557e-01
1.60024867511038421e-01
1.59841479804043729e-01
1.59774448585055767e-01
1.58954750432743958e-01
1.58845454863127705e-01
1.58068220572169238e-01
1.57710127292646302e-01
1.57706011243054417e-01
1.57638345066124619e-01
1.57051117443882088e-01
1.56047835058200496e-01
1.55462074462904415e-01
1.54931409663159159e-01
1.54694586331063089e-01
1.54464107246316901e-01
1.54431653938172625e-01
1.54407873371649851e-01
1.54380416919178365e-01
1.54338248079793877e-01
1.53904337358823667e-01
1.53839084196767062e-01
1.53794933838687531e-01
1.53500731245743066e-01
1.53381753675050719e-01
1.53225299128970566e-01
1.52772295267722291e-01
1.51747777092918812e-01
1.51582572396724763e-01
1.51511355384941898e-01
1.51343370061406857e-01
1.50895794038138575e-01
1.50665885520150589e-01
1.50396755041330404e-01
1.49951613774617215e-01
1.49172449193476386e-01
1.49150212269869242e-01
1.49095355417381642e-01
1.48967383351640503e-01
1.48833165827579689e-01
1.48771206181689514e-01
1.48500694090443169e-01
1.48387257610386125e-01
1.48347173598960241e-01
1.48117803231141321e-01
1.47875875403033263e-01
1.47764816369015173e-01
1.47728269000421547e-01
1.47600478345772002e-01
1.47387783374443804e-01
1.47106873680382555e-01
1.46836487885425276e-01
1.46557167632721752e-01
1.46500553735204986e-01
1.46476975385651492e-01
1.46340272015872436e-01
1.46137741258553805e-01
1.46129496224026129e-01
1.45612178391029745e-01
1.45583645951669144e-01
1.45100578507651068e-01
1.45078065499635755e-01
1.44843973706353296e-01
1.44142807769146258e-01
1.44070746382484377e-01
1.43368925497374566e-01
1.43321406946538304e-01
1.43259592287272253e-01
1.43243562680446523e-01
1.43242501676603462e-01
1.43021513442840614e-01
1.42998340976542071e-01
1.42759556607632315e-01
1.42592019390982205e-01
1.42504780259144481e-01
1.42360998201345818e-01
1.42326677490206555e-01
1.42244598094647096e-01
1.42227729397009284e-01
1.41504970602361613e-01
1.40831643569564235e-01
1.40422537069138847e-01
1.40321431160467858e-01
1.40221951888089752e-01
1.40084848847569915e-01
1.39888517761029618e-01
1.39759456585185377e-01
1.39565705265665335e-01
1.39478033924320483e-01
1.39363434486268895e-01
1.38661634972090636e-01
1.38421522196190860e-01
1.38028215783850328e-01
1.37918409084592825e-01
1.37087874723350683e-01
1.37024875963198456e-01
1.36783047707085464e-01
1.36254227825407609e-01
1.34871578458634150e-01
1.34296326412741168e-01
1.34149342916918629e-01
1.34110302691739847e-01
1.33263216718644939e-01
1.33158072680902434e-01
1.32793836735655923e-01
1.32778932911755826e-01
1.32115593929452102e-01
1.32114895883858274e-01
1.31983223964281360e-01
1.31708531956120034e-01
1.31612525618293980e-01
1.30939759205088435e-01
1.30910592046343366e-01
1.30702226407410083e-01
1.30619541797239391e-01
1.30570813379765449e-01
1.30471793203408654e-01
1.30462482717634887e-01
1.30411486063592791e-01
1.30350895328739974e-01
1.30349127734881803e-01
1.30061713914340960e-01
1.29892665170692645e-01
1.29734224913486934e-01
1.29730455766400382e-01
1.29372799028134811e-01
1.29206544134939816e-01
1.29059901588387482e-01
1.29045901495274035e-01
1.28639286027294991e-01
1.28122587608008848e-01
1.28046787307277671e-01
1.27682525975912203e-01
1.27372946707599993e-01
1.27349218541864206e-01
1.27111265302004534e-01
1.26767401573815136e-01
1.26699179463142991e-01
1.26578337060896523e-01
1.26447848645109245e-01
1.26194881785624546e-01
1.26131967235463910e-01
1.25487411217071299e-01
1.25250945716565892e-01
1.24810408413723359e-01
1.24491174404733451e-01
1.24466009257547583e-01
1.24333620798250846e-01
1.24044844311243657e-01
1.23580330143178013e-01
1.23445139404978407e-01
1.23420032581415720e-01
1.23235721285004277e-01
1.23088276802332600e-01
1.22641703901379184e-01
1.22568838191424986e-01
1.22470857246779419e-01
1.22346737986610665e-01
1.22241396656089615e-01
1.22113086295145001e-01
1.22105379462660202e-01
1.22089437850570401e-01
1.22012910469750310e-01
1.21911105893744501e-01
1.21827343521307821e-01
1.21802324525048661e-01
1.21735823603910984e-01
1.21415499906509558e-01
1.21077890841325628e-01
1.21008473825623991e-01
1.20949216620128655e-01
1.20886536008728687e-01
1.20877194845409736e-01
1.20845624873897106e-01
1.20131505903301142e-01
1.20040912801952990e-01
1.19635891447426465e-01
1.19573244710660026e-01
1.19173214541763398e-01
1.19155572690117867e-01
1.19066634670045718e-01
1.18621458070903754e-01
1.17935844954357216e-01
1.17796485839708046e-01
1.17727493996464996e-01
1.17597148073803087e-01
1.17273564462944693e-01
1.17136443359691270e-01
1.17039825165163938e-01
1.16491296118135870e-01
1.16093286973069157e-01
1.15987087668956712e-01
1.15882106910867394e-01
1.15874269254128498e-01
1.15661186132941754e-01
1.15645784681881775e-01
1.15316607635473717e-01
1.15141509417366533e-01
1.15060781274633595e-01
1.15005237301083640e-01
1.14887157432668363e-01
1.14784369501421332e-01
1.14580106422066758e-01
1.14296459015097079e-01
1.14177922713057572e-01
1.14165045614802729e-01
1.14078761909814391e-01
1.13939450644941834e-01
1.13690263803993455e-01
1.13651678857158003e-01
1.13207588917112384e-01
1.12886492321440920e-01
1.12689835179151487e-01
1.12557236453625864e-01
1.12486022114607051e-01
1.12302485331712151e-01
1.12158079742069761e-01
1.12031212984890979e-01
1.11832906001249011e-01
1.11689010178212492e-01
1.11413717003152918e-01
1.11276209075315144e-01
1.10969206309918286e-01
1.10936304965026905e-01
1.10930076612619069e-01
1.10850350808783776e-01
1.10816857434353502e-01
1.10299569168041553e-01
1.10260927395042896e-01
1.10006957022171045e-01
1.09563160781023336e-01
1.09417555086388132e-01
1.09271495194677548e-01
1.09228506908290446e-01
1.09184400196948944e-01
1.09166977910832463e-01
1.09071885937264870e-01
1.08797538936778834e-01
1.08474208277604567e-01
1.08236504149151383e-01
1.08135617128815448e-01
1.08111834838053311e-01
1.08032411083261407e-01
1.08026332705580916e-01
1.07763559114721616e-01
1.07761873261581376e-01
1.07525161359527457e-01
1.07455342859669137e-01
1.07440653037868469e-01
1.07191615877241353e-01
1.07150233090740149e-01
1.07053990409261598e-01
1.07050739446666279e-01
1.06871535527361380e-01
1.06864822593500761e-01
1.06361282571967086e-01
1.06357144945472840e-01
1.06257953239521599e-01
1.06208081774262386e-01
1.05671400812199293e-01
1.05658602044174224e-01
1.05642688916209579e-01
1.05494809154336303e-01
1.05473706768142494e-01
1.05385421714927943e-01
1.05051578578336760e-01
1.05001642843556051e-01
1.04945659658461019e-01
1.04751959415361848e-01
1.04736385818135658e-01
1.04705935857280247e-01
1.04175322022532726e-01
1.03881307932607247e-01
1.03861407670888625e-01
1.03330545900766638e-01
1.03061999283788147e-01
1.02963711669693411e-01
1.02868452054544438e-01
1.02472355155180550e-01
1.02211476295216083e-01
1.01947333547103391e-01
1.01783119864819638e-01
1.01728140960871571e-01
1.01537553607665282e-01
1.01490703112945210e-01
1.01469284467899434e-01
1.01341219914872424e-01
1.01095381844631210e-01
1.01060254913415734e-01
1.00875066220951812e-01
1.00583721843405124e-01
1.00562048169253737e-01
1.00505409469830734e-01
1.00376686374421958e-01
9.99854112127897543e-02
9.97813524187889656e-02
9.97553605243758912e-02
9.94284924027674794e-02
9.93412157317609401e-02
9.92895512443280753e-02
9.86478457968823635e-02
9.84412779756654588e-02
9.83049747947080804e-02
9.82742295582863384e-02
9.82445649474359417e-02
9.82156825762162261e-02
9.80788551282853888e-02
9.77818753830653198e-02
9.77004706408506202e-02
9.76753032487969602e-02
9.76546577398189064e-02
9.75965534738472695e-02
9.75740650874737658e-02
9.73830195935774384e-02
9.72680681020913901e-02
9.70013507281741738e-02
9.69560460566460253e-02
9.66368920159143413e-02
9.65813204527306290e-02
9.65469045159099565e-02
9.60299532179611642e-02
9.58938295487761633e-02
9.56293698344392318e-02
9.55681009725940916e-02
9.55543183773201465e-02
9.55329298138794664e-02
9.54707180063781302e-02
9.53628747227767276e-02
9.53520663997526330e-02
9.53136610860950834e-02
9.50901924984872138e-02
9.47390006228628068e-02
9.44417277814232348e-02
9.41922563764543419e-02
9.40602234172522311e-02
9.40397207430158644e-02
9.40213273450972165e-02
9.39575285465399090e-02
9.37674546456826602e-02
9.31728494503793331e-02
9.31068204773397856e-02
9.24093609466872523e-02
9.22568149423819150e-02
9.21329605743513858e-02
9.19730955086447838e-02
9.15029982784250073e-02
9.14402455719806467e-02
9.13187922681709952e-02
9.11575142782530407e-02
9.08012401934315677e-02
9.06832378354346519e-02
9.04599580338191350e-02
9.03819866763357072e-02
9.02699088371008429e-02
9.02120668756406646e-02
9.01907414339959551e-02
8.97332175502341955e-02
8.96886102173899691e-02
8.96058618855689604e-02
8.94425141223587905e-02
8.94070597555320229e-02
8.92842042908870981e-02
8.92697547676442188e-02
8.91395543301141124e-02
8.88574769704046086e-02
8.88028532623976880e-02
8.87801459198579029e-02
8.87314458092592628e-02
8.86999763724328899e-02
8.86199048586663457e-02
8.85918466323529080e-02
8.82948626645742585e-02
8.81959050863233701e-02
8.81088450379761273e-02
8.80128103103329784e-02
8.79162054981646873e-02
8.73617961595373332e-02
8.72927730675473051e-02
8.70133132156549888e-02
8.69675818365791137e-02
8.68955191350371525e-02
8.68741016590035553e-02
8.64250945595078646e-02
8.61381362110595211e-02
8.59974186006003949e-02
8.59406480992320754e-02
8.58750546411945898e-02
8.57397562823023623e-02
8.56601404357738433e-02
8.56137686939402037e-02
8.56127915071447643e-02
8.56108716122811614e-02
8.55085184724561770e-02
8.54975377834785305e-02
8.53184596227854891e-02
8.52784449327488314e-02
8.52054515760046066e-02
8.51580539222249744e-02
8.51430940393065050e-02
8.49937299262290696e-02
8.48690528252458720e-02
8.47686472269048585e-02
8.43635878106381853e-02
8.39855360304781334e-02
8.37506538167787223e-02
8.37281519718210826e-02
8.36835552823427947e-02
8.35583939818619892e-02
8.34834796518146571e-02
8.34116576738726523e-02
8.33631109299387135e-02
8.31355629146144082e-02
8.30894116765052843e-02
8.28834161999252722e-02
8.28293509572207987e-02
8.25436083068162990e-02
8.23312142297244337e-02
8.22742915183855283e-02
8.22612426664231650e-02
8.20978536221143168e-02
8.20742044291359052e-02
8.18793614646760592e-02
8.18221771863738290e-02
8.15703587809195468e-02
8.14793336255978384e-02
8.14379206800988631e-02
8.13956328067405310e-02
8.13536339228455030e-02
8.13401088880050249e-02
8.13117256233810426e-02
8.12608079429342073e-02
8.12370836620150832e-02
8.11301147912094345e-02
8.11026836790185446e-02
8.05576507354342775e-02
8.04051793774906848e-02
8.03929467083433769e-02
8.02387425645666869e-02
8.00352006545104189e-02
7.97922527302549756e-02
7.97392849594144165e-02
7.97372720868927826e-02
7.97257633248638908e-02
7.96139193020741626e-02
7.95276109589152652e-02
7.94065928941436044e-02
7.89588144336616504e-02
7.89472204573948427e-02
7.87749110337694347e-02
7.86893170443317691e-02
7.86822005536740171e-02
7.86325874413630332e-02
7.85955287034234146e-02
7.84556620285466466e-02
7.84377885830495059e-02
7.83575866390006925e-02
7.82763116378424606e-02
7.79926432143018683e-02
7.79547286089832259e-02
7.79543320436149462e-02
7.79260133167939267e-02
7.77439108035884036e-02
7.77179512258344835e-02
7.76725151199954139e-02
7.75231115380216884e-02
7.75165480786270955e-02
7.75108774986878329e-02
7.75055067328223463e-02
7.74641644232856030e-02
7.74337744476182310e-02
7.71102056668547114e-02
7.70673848913749071e-02
7.70383525823579302e-02
7.68400942349088678e-02
7.67707456788368908e-02
7.67567516640448727e-02
7.66994953825917980e-02
7.66754129403630913e-02
7.66623911271593905e-02
7.66582469164272529e-02
7.64718286174671386e-02
7.63315854633784402e-02
7.63221325228549685e-02
7.62300290565205152e-02
7.57997990237135738e-02
7.55150605360892790e-02
7.54503141528212878e-02
7.54490988539989332e-02
7.52969765524061918e-02
7.52131627024247573e-02
7.51984613209178698e-02
7.51436848595601892e-02
7.50697803951369119e-02
7.49523411991070004e-02
7.48769546639653782e-02
7.47187805074859407e-02
7.46380665602763421e-02
7.45636322888451331e-02
7.45613808767038172e-02
7.44775313435204062e-02
7.40210035397056709e-02
7.39869379869063232e-02
7.39839187222930683e-02
7.37940196476321864e-02
7.37379537501309801e-02
7.37138501526159035e-02
7.36549462661086479e-02
7.36104877230081833e-02
7.36103077325390154e-02
7.32042705640573305e-02
7.31295622449109894e-02
7.30852460136285076e-02
7.30572662800138828e-02
7.30297083951790826e-02
7.30218521876519061e-02
7.29765834282427028e-02
7.28463358111243048e-02
7.27705509837074382e-02
7.27007157452094765e-02
7.25964868052491052e-02
7.24589233662929766e-02
7.22552748992491556e-02
7.22276645916101051e-02
7.22268936573945003e-02
7.20451076202112545e-02
7.19473948415295800e-02
7.19132904486274038e-02
7.17693028950480150e-02
7.17143886787928730e-02
7.16022432277945570e-02
7.13718368088831212e-02
7.12918129045687493e-02
7.11404322427907354e-02
7.10573737284551088e-02
7.10158832846907728e-02
7.09752809995208150e-02
7.08249883228826288e-02
7.06868406532186744e-02
7.06261485990875432e-02
7.05972261183133998e-02
7.04656356910302595e-02
7.03920208280372078e-02
7.03069815201539383e-02
7.02899857296513386e-02
7.00346752057099259e-02
6.99530275280592084e-02
6.99198200366767109e-02
6.96704810782834000e-02
6.95898786410226733e-02
6.95462779008410026e-02
6.95123403100838116e-02
6.94680987870711225e-02
6.94522555839179323e-02
6.93220287647975525e-02
6.93205429909184712e-02
6.93062868424407508e-02
6.92975749397595625e-02
6.91163751314266828e-02
6.90401632467605580e-02
6.87728705135265822e-02
6.87728029050637679e-02
6.87325099552432983e-02
6.87152269116551029e-02
6.86382072852528419e-02
6.85779775956463639e-02
6.84998578231645477e-02
6.84882982437912263e-02
6.84865968883185960e-02
6.80991753899394120e-02
6.80526972169665234e-02
6.80024563928980641e-02
6.79665953210188412e-02
6.79226151001262879e-02
6.76432852766941511e-02
6.76425502969874998e-02
6.75763930870814378e-02
6.74779982644435616e-02
6.74489064650545117e-02
6.74242528032154287e-02
6.73842281578084512e-02
6.71661051663171166e-02
6.69310779281964696e-02
6.68604818212706203e-02
6.68338326932152033e-02
6.67773224119554282e-02
6.67388728570646322e-02
6.67192303185218105e-02
6.66641525613476810e-02
6.64711216138478417e-02
6.64549636466142540e-02
6.64483821768188238e-02
6.64057465072510344e-02
6.62710367485544599e-02
6.62682944556763492e-02
6.62651726389928419e-02
6.62017980373241499e-02
6.61807873474595521e-02
6.61340260730339941e-02
6.61236508602984496e-02
6.60854495502404132e-02
6.57849361725804938e-02
6.57670291280211261e-02
6.56710347290277718e-02
6.55852082181178769e-02
6.54733489662460977e-02
6.54528299378146633e-02
6.53972628027960079e-02
6.53300622351096344e-02
6.51199451683294045e-02
6.50368292155760752e-02
6.50232894397543421e-02
6.48520052997959284e-02
6.48083447217222691e-02
6.46761419556867306e-02
6.45897501876123714e-02
6.45638172017748146e-02
6.45583666776212844e-02
6.43930654453683388e-02
6.42915639666364475e-02
6.41276302154819428e-02
6.40915286149479069e-02
6.40885397380171196e-02
6.39788497149913760e-02
6.36507868601228488e-02
6.34819555524243212e-02
6.34670492760166377e-02
6.33517408610864696e-02
6.30567992394307220e-02
6.30268964050274549e-02
6.27992607209339609e-02
6.27262546765065265e-02
6.27140985146248803e-02
6.26855297050414595e-02
6.26250678977195996e-02
6.26193717554166529e-02
6.25601820899862604e-02
6.24590670100377623e-02
6.24015493813707620e-02
6.23893872888558534e-02
6.23622409927386059e-02
6.20015070232935797e-02
6.19011948782758753e-02
6.16454013300298392e-02
6.15982615934903346e-02
6.15521405041722508e-02
6.14841313883033730e-02
6.14835011895644157e-02
6.13338478270582244e-02
6.13156939897987266e-02
6.13068270685812530e-02
6.12774987628220344e-02
6.12420728792232166e-02
6.10919369858496167e-02
6.10674991521646462e-02
6.10501134730232556e-02
6.09540370792731045e-02
6.08572011717210537e-02
6.08376216760340705e-02
6.08296891077538329e-02
6.08123592674626734e-02
6.05438902190565051e-02
6.04486308336943251e-02
6.04333197063305280e-02
6.03883132843511944e-02
6.02706288597030446e-02
6.02346433634942877e-02
6.02122548115589240e-02
6.01347082337418751e-02
6.01333874504232507e-02
6.01147719642395675e-02
6.00928599197626326e-02
6.00721406248375944e-02
6.00689909504453917e-02
6.00605876821203241e-02
6.00367396233323566e-02
5.99983738122627577e-02
5.98653477291147193e-02
5.98237621916402132e-02
5.98076440422306843e-02
5.97667162951691852e-02
5.97580705900881762e-02
5.97255671067820695e-02
5.97185096096545937e-02
5.96886031832637026e-02
5.96328652210619883e-02
5.96018531373096391e-02
5.95640461022254319e-02
5.95397173761855678e-02
5.93628743776433918e-02
5.93505560510109234e-02
5.92879891466585665e-02
5.92319012149617186e-02
5.91560626644943230e-02
5.91239926217714262e-02
5.91235066173610713e-02
5.90960912024247609e-02
5.90517185053496124e-02
5.89848298130547025e-02
5.87828610644374264e-02
5.87520108725895773e-02
5.87375400685888061e-02
5.86910826328167767e-02
5.86776884803124274e-02
5.86223443336391509e-02
5.85153618729374464e-02
5.84845766444800977e-02
5.84595339197548011e-02
5.84565026087524656e-02
5.84181420644493063e-02
5.83383972655519834e-02
5.83000128239997140e-02
5.82985744048549401e-02
5.82537310148223200e-02
5.82407303017692460e-02
5.81418193501321498e-02
5.81060875520318793e-02
5.80544308135548387e-02
5.79120281986187646e-02
5.77175942907338091e-02
5.76499648780290294e-02
5.74606638994290056e-02
5.74194935073655544e-02
5.73230355739284478e-02
5.71375661668577020e-02
5.71274359059073950e-02
5.70356381326180273e-02
5.69838098781390856e-02
5.68359631621053046e-02
5.67015721190307423e-02
5.66955006461977926e-02
5.66109606808036722e-02
5.65752111533153260e-02
5.64251651350235819e-02
5.64014035126616728e-02
5.62843411256049239e-02
5.62723027925119204e-02
5.62499866034954499e-02
5.62116059399646040e-02
5.62081766960895318e-02
5.61997667791399383e-02
5.60244723518203633e-02
5.58328327703874264e-02
5.58227617304851292e-02
5.56841941929184098e-02
5.56402951912078753e-02
5.55688563993419343e-02
5.55496257882962807e-02
5.55393630611426964e-02
5.52731165998418886e-02
5.52501097006324951e-02
5.52347966821515809e-02
5.52242987038819369e-02
5.51156842306921510e-02
5.51002156874908500e-02
5.50522355686692971e-02
5.50132586550863972e-02
5.48845105168669634e-02
5.48808693806713266e-02
5.48114184054371636e-02
5.47957551280936761e-02
5.47772228229636976e-02
5.47074772806044260e-02
5.47041467015172492e-02
5.46774330223340835e-02
5.46359075848916742e-02
5.45940070527708987e-02
5.45554300979047765e-02
5.44507519877757626e-02
5.44175391510486467e-02
5.40694421527930444e-02
5.40460557751788612e-02
5.39864668133063219e-02
5.39207281790690940e-02
5.39103454304988433e-02
5.39079010404808906e-02
5.39065924225930193e-02
5.38931932505669203e-02
5.37682771982050112e-02
5.36996425339151956e-02
5.36586689610903458e-02
5.36584924657345988e-02
5.35602378507870278e-02
5.34658562951640728e-02
5.34418397197894413e-02
5.34402237296888252e-02
5.32911914491351266e-02
5.32292562676568021e-02
5.30735197345911305e-02
5.30384967020531076e-02
5.29519339383416887e-02
5.28133530494919248e-02
5.27849721478092782e-02
5.27774246491638926e-02
5.27764855766796465e-02
5.27609998737821259e-02
5.27586268179550469e-02
5.25906553190119766e-02
5.25242554018007304e-02
5.24943459982410918e-02
5.24820452501881113e-02
5.24727199923561011e-02
5.24269958810611239e-02
5.23928590952689802e-02
5.23735357443949681e-02
5.22645054973054565e-02
5.20559153627453211e-02
5.19920441787018323e-02
5.19533896503417206e-02
5.19452747409870005e-02
5.18919137848896164e-02
5.18507125832996518e-02
5.18112261184944314e-02
5.16293385774247923e-02
5.16234347149641254e-02
5.15834890458127804e-02
5.15363119560435304e-02
5.14346360526522703e-02
5.14032567673667617e-02
5.13791132863992417e-02
5.13732827298754302e-02
5.12827196054858742e-02
5.12687766643981219e-02
5.12685302765245182e-02
5.12062117944380724e-02
5.11717137108769066e-02
5.11327511757539502e-02
5.11031435526289463e-02
5.10913596261790212e-02
5.10338006794193513e-02
5.09100139672543778e-02
5.06454499246849765e-02
5.05858961030270643e-02
5.05274495364478604e-02
5.05042762472500406e-02
5.04979621808374357e-02
5.03702461608380794e-02
5.03577286625463902e-02
5.03204891020058720e-02
5.03195620566544224e-02
5.02936456613846949e-02
5.02786010490732793e-02
5.02566392333511983e-02
5.02060250826288496e-02
5.01202787806771868e-02
5.01167239500475703e-02
5.00922521607951865e-02
5.00854349938961441e-02
5.00299098908547346e-02
4.98833456596387420e-02
4.98564564931312168e-02
4.97562997771095958e-02
4.97532996451430162e-02
4.96622414862136971e-02
4.96323229384824233e-02
4.96161159144048319e-02
4.94880524790348233e-02
4.94622159588678223e-02
4.93974871169191448e-02
4.93772662839753670e-02
4.93513262596475752e-02
4.92937121215434176e-02
4.92547357524209528e-02
4.92406246799901859e-02
4.91715333106518965e-02
4.91562449672547155e-02
4.91440332322932716e-02
4.90841040194861244e-02
4.90831973760773935e-02
4.90794681722092133e-02
4.90471509472419978e-02
4.90142637636150555e-02
4.90108383971926548e-02
4.89886441896685981e-02
4.87693151333626757e-02
4.87492583774524410e-02
4.87382646944034617e-02
4.87257080089108716e-02
4.87151319031835783e-02
4.86635832825177972e-02
4.86331571936815324e-02
4.85697665180611707e-02
4.84784783264502056e-02
4.84596439551747346e-02
4.84171311918419611e-02
4.84090899722953855e-02
4.84083067304031528e-02
4.83799905362730653e-02
4.83363240888854337e-02
4.81348030681294989e-02
4.81058703977818719e-02
4.80584229735944168e-02
4.79687914561064410e-02
4.79026422873610816e-02
4.78032053893524198e-02
4.77419459260526938e-02
4.76379866779694655e-02
4.75832653041379297e-02
4.75411661466972543e-02
4.75363616728753935e-02
4.74990850822433752e-02
4.74827429970791429e-02
4.74586844215587333e-02
4.74417382731043627e-02
4.72975980980656630e-02
4.71951618161975534e-02
4.71608698783556185e-02
4.70602169204339602e-02
4.70412223466514720e-02
4.70133987285309835e-02
4.69202250354566475e-02
4.68016426014170872e-02
4.67351381144350889e-02
4.66752935681791561e-02
4.66721567966585718e-02
4.66503418743849027e-02
4.66248200583448541e-02
4.65468067377398792e-02
4.65152102527527644e-02
4.65005758603055652e-02
4.64956127785340484e-02
4.64453597250557293e-02
4.63146197887765454e-02
4.63088262132155398e-02
4.63070995879283631e-02
4.62473514384495465e-02
4.62356076924447176e-02
4.61754879755902140e-02
4.61065406813726056e-02
4.60836432050449468e-02
4.60716592555901125e-02
4.60073113189526234e-02
4.59822220195479081e-02
4.59424527953753714e-02
4.57790191246228162e-02
4.57763773378596292e-02
4.57720015644751538e-02
4.57270967095297076e-02
4.57251432886070716e-02
4.56620643073901294e-02
4.56154911651667147e-02
4.55835958726122786e-02
4.55128361420438707e-02
4.54993200727972363e-02
4.54767885745105335e-02
4.54412201391697426e-02
4.53254719991036323e-02
4.52487254150461399e-02
4.52086917950120515e-02
4.51374986992868835e-02
4.51240517815427247e-02
4.51036143270978282e-02
4.50285790223366594e-02
4.50257597841225571e-02
4.49377108525587168e-02
4.48626425147437696e-02
4.48537615750131333e-02
4.48486900404542407e-02
4.48316934559305560e-02
4.47939152955217842e-02
4.47269799657736417e-02
4.47206336244955344e-02
4.46738715998769714e-02
4.46564578572489837e-02
4.45400989573792941e-02
4.45145843302381800e-02
4.43969597662755011e-02
4.43672215024228864e-02
4.43606665702320491e-02
4.43375983135550142e-02
4.42770442712036513e-02
4.42345406714373182e-02
4.41630337414202628e-02
4.40943646225019914e-02
4.38458434072006437e-02
4.38011026824205868e-02
4.37360261875608947e-02
4.37348318780636791e-02
4.37163948384315243e-02
4.36838764449137135e-02
4.36592029986384023e-02
4.36300208113174284e-02
4.35704565074585687e-02
4.33223819324400211e-02
4.33065184776976961e-02
4.32486806760497763e-02
4.32119993750803913e-02
4.31511358935084063e-02
4.31461432774765813e-02
4.30725514319249131e-02
4.30648614339831232e-02
4.29673100913629397e-02
4.29289055263959371e-02
4.28932272666417772e-02
4.28428366681796666e-02
4.28067538489267166e-02
4.27369122321437228e-02
4.26438101645109646e-02
4.25986401823350014e-02
4.25660858928707531e-02
4.25628548426200889e-02
4.25437669691907383e-02
4.24871481877142701e-02
4.24594836490630595e-02
4.24134263036236303e-02
4.23897021934633578e-02
4.21905047944799716e-02
4.21308046275487361e-02
4.21022387850362584e-02
4.20404705350917243e-02
4.19294661911664285e-02
4.18816471584728331e-02
4.18397139307206262e-02
4.17306687843171653e-02
4.16503781166291318e-02
4.16055901196403510e-02
4.16033701158716601e-02
4.15437162239863308e-02
4.15360755944796725e-02
4.15340279418652120e-02
4.15185646553326640e-02
4.15099781735441889e-02
4.15075952812633056e-02
4.14498557586953781e-02
4.14396431379043181e-02
4.14220536413169860e-02
4.13858182762848331e-02
4.13740736800379122e-02
4.13126406756971071e-02
4.12956464367311010e-02
4.12935793303694648e-02
4.11957132873007892e-02
4.11698234188189668e-02
4.11281822841676817e-02
4.10944992369826276e-02
4.10900573876923983e-02
4.10889450751263166e-02
4.10592103567161276e-02
4.10526694399179493e-02
4.08105265040401982e-02
4.07838939876354542e-02
4.07569747948936106e-02
4.07350515878884059e-02
4.07324768043811625e-02
4.07287780685036960e-02
4.06394033494994547e-02
4.06315401749118704e-02
4.06311724865117338e-02
4.06132066282475987e-02
4.05988952613822729e-02
4.05936708119227080e-02
4.05481736621413485e-02
4.04947504228632335e-02
4.04786514572082895e-02
4.04407490762288616e-02
4.04363960466894781e-02
4.04144350282439752e-02
4.04141178127561118e-02
4.03261251340876550e-02
4.03056307248842102e-02
4.02846214510653791e-02
4.02388245490188368e-02
4.01959347037154496e-02
4.01587833934046179e-02
4.01533769488201589e-02
3.99909631267234209e-02
3.99762601197559547e-02
3.99507042687971409e-02
3.98930257057590679e-02
3.98843742727260989e-02
3.98743019563861378e-02
3.98710213878636366e-02
3.98105733758264274e-02
3.97975572493120128e-02
3.97863157578193793e-02
3.97501577063067157e-02
3.96278388615737068e-02
3.95397988236193612e-02
3.95374285513407711e-02
3.94638999638251414e-02
3.94444310600289075e-02
3.94154639028657106e-02
3.93885091660070991e-02
3.93361062721973923e-02
3.92958821645550960e-02
3.92714447342524878e-02
3.91395382475907549e-02
3.91377433636725877e-02
3.91127650758571546e-02
3.90859739343165924e-02
3.90099191139051948e-02
3.89819417448286701e-02
3.89665079693083394e-02
3.89602984274008413e-02
3.89232993701111654e-02
3.89006694248636778e-02
3.88771911798809697e-02
3.88683007668233146e-02
3.88668937322606961e-02
3.88114173639449653e-02
3.87912907330472609e-02
3.87467823783926579e-02
3.86355576155524849e-02
3.86239175258243084e-02
3.86181679946166548e-02
3.85685771288205095e-02
3.85020232006030166e-02
3.84774778449132326e-02
3.83777868125658034e-02
3.82274260612288364e-02
3.82117722559495859e-02
3.81918295095164465e-02
3.81878283416591524e-02
3.81622971643245656e-02
3.81574341098474962e-02
3.80384107541081665e-02
3.79920565575594948e-02
3.79739004752919149e-02
3.79690019694510009e-02
3.79117266057124938e-02
3.78866453260940025e-02
3.78849035174138385e-02
3.78715555804691739e-02
3.78200604678103833e-02
3.77707505136328711e-02
3.77631910649558061e-02
3.77416928663329709e-02
3.77356834647732051e-02
3.76983152668214014e-02
3.76499232892985383e-02
3.75884610985414355e-02
3.75801049429664788e-02
3.75362948779933425e-02
3.75157339439938370e-02
3.74812804524353865e-02
3.74517448323311922e-02
3.74201130489392048e-02
3.73743950291893154e-02
3.73721229712263500e-02
3.73165181643600741e-02
3.73055386446426301e-02
3.72872972075177500e-02
3.72842967233306954e-02
3.72807698143095834e-02
3.72096030057678384e-02
3.71551000300812742e-02
3.71120734527024473e-02
3.70866160440091186e-02
3.70472835745152551e-02
3.69799653732101746e-02
3.69616211490476285e-02
3.69192765592283520e-02
3.68644327928898188e-02
3.68369162211831941e-02
3.68178808414000233e-02
3.67998096950954007e-02
3.67814647286309124e-02
3.67289381777533494e-02
3.66938863028129711e-02
3.65664837699555198e-02
3.65283422551371181e-02
3.64806898223481307e-02
3.64713522077799446e-02
3.64239368537883426e-02
3.63890202254590553e-02
3.63530863585374078e-02
3.63118588225403438e-02
3.63050589820376260e-02
3.62738760341753327e-02
3.62676372592148841e-02
3.62645798727486701e-02
3.61992157248596583e-02
3.61363976266440845e-02
3.60972409121881263e-02
3.60579994481488794e-02
3.60195999085558063e-02
3.60136480872697562e-02
3.60106842299427396e-02
3.59923082120589058e-02
3.59047168494814051e-02
3.58991205980846370e-02
3.58948409662844664e-02
3.58228117626358186e-02
3.57696790443394405e-02
3.57374415257024208e-02
3.57346341684817645e-02
3.56963721539159118e-02
3.56596017388619360e-02
3.56483635548285743e-02
3.56247529256867868e-02
3.56026210701472640e-02
3.55102554824640176e-02
3.54114119438489611e-02
3.54008529471423611e-02
3.53339487659030740e-02
3.53015166945976344e-02
3.52951155918077714e-02
3.52713185232613954e-02
3.52493657691418660e-02
3.52083743672889499e-02
3.51979267047593247e-02
3.51953418575357141e-02
