; Top Design: "MyLibrary2_lib:Wilkinson_2:schematic"
; Netlisted using Hierarchy Policy: "Standard"

Options ResourceUsage=yes UseNutmegFormat=no EnableOptim=no TopDesignName="MyLibrary2_lib:Wilkinson_2:schematic" DcopOutputNodeVoltages=yes DcopOutputPinCurrents=yes DcopOutputAllSweepPoints=no DcopOutputDcopType=0
MLIN2:TL36  N__12 N__1 Subst="MSub1" W=0.7546 mm L=4.2647 mm Wall1=2.5e+28 mm Wall2=2.5e+28 mm Mod=1 
MSABND:Bend23  N__56 N__7 Subst="MSub1" W=0.7546 mm Angle=89.8483913419846 M=0.5 
MSABND:Bend21  N__12 N__9 Subst="MSub1" W=0.7546 mm Angle=90.0 M=0.5 
MLIN2:TL32  N__53 N__24 Subst="MSub1" W=0.7546 mm L=4.2647 mm Wall1=2.5e+28 mm Wall2=2.5e+28 mm Mod=1 
MLIN2:TL35  N__63 N__9 Subst="MSub1" W=0.7546 mm L=5.1221 mm Wall1=2.5e+28 mm Wall2=2.5e+28 mm Mod=1 
MSABND:Bend19  N__24 N__4 Subst="MSub1" W=0.7546 mm Angle=90.0 M=0.5 
MLIN2:TL29  N__35 N__50 Subst="MSub1" W=1.4706 mm L=0.951 mm Wall1=2.5e+28 mm Wall2=2.5e+28 mm Mod=1 
MLIN2:TL33  N__4 N__42 Subst="MSub1" W=0.7546 mm L=4.0024 mm Wall1=2.5e+28 mm Wall2=2.5e+28 mm Mod=1 
MLIN2:TL37  N__2 N__56 Subst="MSub1" W=0.7546 mm L=4.0024 mm Wall1=2.5e+28 mm Wall2=2.5e+28 mm Mod=1 
MSABND:Bend18  N__52 N__53 Subst="MSub1" W=0.7546 mm Angle=90.0 M=0.5 
MSABND:Bend22  N__2 N__1 Subst="MSub1" W=0.7546 mm Angle=90.0 M=0.5 
MLIN2:TL24  N__32 N__30 Subst="MSub1" W=1.4706 mm L=20.0707 mm Wall1=2.5e+28 mm Wall2=2.5e+28 mm Mod=1 
MSABND:Bend14  N__32 N__31 Subst="MSub1" W=1.4706 mm Angle=90.0 M=0.5 
MSABND:Bend20  N__39 N__42 Subst="MSub1" W=0.7546 mm Angle=89.8483913419846 M=0.5 
MLIN2:TL26  N__37 N__31 Subst="MSub1" W=1.4706 mm L=2.1322 mm Wall1=2.5e+28 mm Wall2=2.5e+28 mm Mod=1 
MLIN2:TL34  N__39 N__29 Subst="MSub1" W=0.7546 mm L=1.927 mm Wall1=2.5e+28 mm Wall2=2.5e+28 mm Mod=1 
MSABND:Bend15  N__40 N__37 Subst="MSub1" W=1.4706 mm Angle=90.0 M=0.5 
MTEE_ADS:Tee4  N__29 N__35 N__25 Subst="MSub1" W1=0.754591 mm W2=1.470610 mm W3=1.26 mm 
MSABND:Bend16  N__44 N__41 Subst="MSub1" W=1.4706 mm Angle=90.0 M=0.5 
MLIN2:TL30  N__47 N__41 Subst="MSub1" W=1.4706 mm L=2.1322 mm Wall1=2.5e+28 mm Wall2=2.5e+28 mm Mod=1 
MSABND:Bend17  N__50 N__47 Subst="MSub1" W=1.4706 mm Angle=90.0 M=0.5 
MLIN2:TL28  N__44 N__60 Subst="MSub1" W=1.4706 mm L=3 mm Wall1=2.5e+28 mm Wall2=2.5e+28 mm Mod=1 
R:R2  N__26 N__25 R=100 Ohm 
Port:TermG1  N__65 0 Num=1 Z=50 Ohm Noise=yes 
MTEE_ADS:Tee3  N__19 N__22 N__26 Subst="MSub1" W1=0.754591 mm W2=1.470610 mm W3=1.26 mm 
MLIN2:TL25  N__22 N__40 Subst="MSub1" W=1.4706 mm L=0.951 mm Wall1=2.5e+28 mm Wall2=2.5e+28 mm Mod=1 
Port:TermG2  N__30 0 Num=2 Z=50 Ohm Noise=yes 
MLIN2:TL38  N__7 N__19 Subst="MSub1" W=0.7546 mm L=1.927 mm Wall1=2.5e+28 mm Wall2=2.5e+28 mm Mod=1 
Port:TermG3  N__60 0 Num=3 Z=50 Ohm Noise=yes 
MLIN2:TL2  N__65 N__62 Subst="MSub1" W=1.470610 mm L=3 mm Wall1=2.5e+28 mm Wall2=2.5e+28 mm Mod=1 
MTEE_ADS:Tee1  N__63 N__64 N__62 Subst="MSub1" W1=0.754591 mm W2=0.754591 mm W3=1.470610 mm 
MLIN2:TL31  N__64 N__52 Subst="MSub1" W=0.7546 mm L=5.1221 mm Wall1=2.5e+28 mm Wall2=2.5e+28 mm Mod=1 
model MSub1 MSUB H=0.8 mm Er=4.5 Mur=1 Cond=5.8E+7 Hu=1e+33 mm T=0.035 mm TanD=0.01 Rough=0 mm DielectricLossModel=1 FreqForEpsrTanD=1.0 GHz LowFreqForTanD=1.0 kHz HighFreqForTanD=1.0 THz RoughnessModel=2 
S_Param:SP1 CalcS=yes CalcY=no CalcZ=no GroupDelayAperture=1e-4 FreqConversion=no FreqConversionPort=1 StatusLevel=2 CalcNoise=no SortNoise=0 BandwidthForNoise=1.0 Hz DevOpPtLevel=0 \
SweepVar="freq" SweepPlan="SP1_stim" OutputPlan="SP1_Output" 

SweepPlan: SP1_stim Start=1.0 GHz Stop=6 GHz Step=100 MHz 

OutputPlan:SP1_Output \
      Type="Output" \
      UseEquationNestLevel=yes \
      EquationNestLevel=2 \
      UseSavedEquationNestLevel=yes \
      SavedEquationNestLevel=2

#load "python","LinearCollapse"
Component Module="LinearCollapse" Type="ModelExtractor" NetworkRepresentation=2
